#
# There is insufficient memory for the Java Runtime Environment to continue.
# Native memory allocation (mmap) failed to map 170917888 bytes for Failed to commit area from 0x0000000091300000 to 0x000000009b600000 of length 170917888.
# Possible reasons:
#   The system is out of physical RAM or swap space
#   The process is running with CompressedOops enabled, and the Java Heap may be blocking the growth of the native heap
# Possible solutions:
#   Reduce memory load on the system
#   Increase physical memory or swap space
#   Check if swap backing store is full
#   Decrease Java heap size (-Xmx/-Xms)
#   Decrease number of Java threads
#   Decrease Java thread stack sizes (-Xss)
#   Set larger code cache with -XX:ReservedCodeCacheSize=
#   JVM is running with Unscaled Compressed Oops mode in which the Java heap is
#     placed in the first 4GB address space. The Java Heap base address is the
#     maximum limit for the native heap growth. Please use -XX:HeapBaseMinAddress
#     to set the Java Heap base and to place the Java Heap above 4GB virtual address.
# This output file may be truncated or incomplete.
#
#  Out of Memory Error (./src/hotspot/os/windows/os_windows.cpp:3303), pid=6760, tid=4512
#
# JRE version: OpenJDK Runtime Environment (11.0.8+10) (build 11.0.8+10-b944.6842174)
# Java VM: OpenJDK 64-Bit Server VM (11.0.8+10-b944.6842174, mixed mode, tiered, compressed oops, g1 gc, windows-amd64)
# No core dump will be written. Minidumps are not enabled by default on client versions of Windows
#

---------------  S U M M A R Y ------------

Command Line: --add-opens=java.base/java.util=ALL-UNNAMED --add-opens=java.base/java.lang=ALL-UNNAMED --add-opens=java.base/java.lang.invoke=ALL-UNNAMED --add-opens=java.prefs/java.util.prefs=ALL-UNNAMED -Xmx2048m -Dfile.encoding=UTF-8 -Duser.country=US -Duser.language=en -Duser.variant org.gradle.launcher.daemon.bootstrap.GradleDaemon 6.7.1

Host: Intel(R) Core(TM) i5-7200U CPU @ 2.50GHz, 4 cores, 7G,  Windows 10 , 64 bit Build 18362 (10.0.18362.1110)
Time: Wed Jun  1 13:37:40 2022 Morocco Daylight Time elapsed time: 1820 seconds (0d 0h 30m 20s)

---------------  T H R E A D  ---------------

Current thread (0x000002093155a800):  VMThread "VM Thread" [stack: 0x0000007821200000,0x0000007821300000] [id=4512]

Stack: [0x0000007821200000,0x0000007821300000]
[error occurred during error reporting (printing stack bounds), id 0xc0000005, EXCEPTION_ACCESS_VIOLATION (0xc0000005) at pc=0x000002091b460dad]

Native frames: (J=compiled Java code, j=interpreted, Vv=VM code, C=native code)
V  [jvm.dll+0x5de50a]
V  [jvm.dll+0x7122f5]
V  [jvm.dll+0x71384d]
V  [jvm.dll+0x713e65]
V  [jvm.dll+0x713e1b]
V  [jvm.dll+0x5dd958]
V  [jvm.dll+0x5de0f8]
C  [ntdll.dll+0xa184f]
C  [ntdll.dll+0x6a889]
C  [ntdll.dll+0xa04be]
C  0x000002091b460dad

VM_Operation (0x000000782b0fe7d0): G1CollectForAllocation, mode: safepoint, requested by thread 0x0000020934513800


---------------  P R O C E S S  ---------------

Threads class SMR info:
_java_thread_list=0x0000020938e25270, length=148, elements={
0x0000020917af0000, 0x000002093155e800, 0x0000020931560000, 0x0000020931569000,
0x000002093156a000, 0x0000020931ed2800, 0x0000020931eda000, 0x000002093158e000,
0x0000020932019800, 0x000002093208c000, 0x0000020933358800, 0x0000020933f3f800,
0x000002093302e800, 0x0000020933ddf800, 0x0000020933de3800, 0x0000020933de5000,
0x0000020933de1000, 0x00000209347d6000, 0x000002093654b000, 0x000002093450d000,
0x0000020934513800, 0x0000020936546000, 0x0000020936545000, 0x0000020936546800,
0x0000020936547800, 0x0000020936548800, 0x0000020936543800, 0x0000020936542800,
0x0000020936549000, 0x000002093654a000, 0x0000020936544000, 0x000002093654f000,
0x000002093654c800, 0x000002093654d000, 0x0000020936550800, 0x000002093654e000,
0x000002093654b800, 0x0000020936551800, 0x000002093654f800, 0x00000209347d7800,
0x00000209347d5000, 0x00000209347d4000, 0x00000209347d8800, 0x00000209347d9000,
0x00000209347d3800, 0x00000209347df800, 0x00000209347db800, 0x00000209347df000,
0x00000209347de000, 0x00000209347da000, 0x00000209347e0800, 0x00000209347db000,
0x00000209347e2000, 0x00000209347e1800, 0x00000209347dc800, 0x00000209347dd000,
0x000002093450f800, 0x000002093450b800, 0x0000020934515800, 0x0000020934510800,
0x0000020934517000, 0x0000020934516000, 0x0000020934511800, 0x0000020934512000,
0x0000020934513000, 0x0000020934519800, 0x000002093451a000, 0x0000020933de4000,
0x0000020933de1800, 0x0000020933de2800, 0x0000020933de6000, 0x0000020933de0000,
0x0000020937f20800, 0x0000020937f25800, 0x0000020937f26000, 0x0000020937f22000,
0x0000020937f24800, 0x0000020937f27000, 0x0000020937f21800, 0x0000020937f23000,
0x0000020937f28000, 0x0000020937f28800, 0x0000020937f29800, 0x0000020937f24000,
0x0000020937f2b000, 0x0000020937f2f000, 0x0000020937f2a800, 0x0000020937f2c000,
0x0000020937f2d000, 0x0000020937f2d800, 0x0000020937f2e800, 0x0000020938309800,
0x0000020938306800, 0x000002093830a800, 0x0000020938308000, 0x000002093830b000,
0x000002093830c000, 0x000002093830d000, 0x0000020938309000, 0x0000020938307000,
0x000002093830d800, 0x0000020938314000, 0x0000020938311000, 0x000002093830e800,
0x0000020938313800, 0x0000020938315000, 0x0000020938311800, 0x0000020938310000,
0x0000020938312800, 0x000002093830f800, 0x0000020934b81000, 0x0000020934b7c800,
0x0000020934b7f800, 0x0000020934b80800, 0x0000020934b7d000, 0x0000020934b7b800,
0x0000020934b83000, 0x0000020934b82000, 0x0000020934b83800, 0x0000020934b7e000,
0x0000020934b84800, 0x0000020934b7f000, 0x0000020934b85800, 0x0000020934b88800,
0x0000020934b86000, 0x0000020934b87000, 0x0000020934b8a000, 0x0000020934b88000,
0x0000020934b89800, 0x0000020934971800, 0x000002093496c800, 0x000002093496f000,
0x000002093496d800, 0x000002093496e000, 0x000002093496f800, 0x000002093496b800,
0x0000020934970800, 0x0000020934977000, 0x0000020934974800, 0x0000020934973000,
0x0000020934976800, 0x0000020934978000, 0x0000020934975800, 0x0000020934979800,
0x0000020934974000, 0x000002093497a800, 0x00000209368ee000, 0x00000209368ef000
}

Java Threads: ( => current thread )
  0x0000020917af0000 JavaThread "main" [_thread_blocked, id=1980, stack(0x0000007820c00000,0x0000007820d00000)]
  0x000002093155e800 JavaThread "Reference Handler" daemon [_thread_blocked, id=1344, stack(0x0000007821300000,0x0000007821400000)]
  0x0000020931560000 JavaThread "Finalizer" daemon [_thread_blocked, id=5272, stack(0x0000007821400000,0x0000007821500000)]
  0x0000020931569000 JavaThread "Signal Dispatcher" daemon [_thread_blocked, id=12152, stack(0x0000007821500000,0x0000007821600000)]
  0x000002093156a000 JavaThread "Attach Listener" daemon [_thread_blocked, id=7904, stack(0x0000007821600000,0x0000007821700000)]
  0x0000020931ed2800 JavaThread "C2 CompilerThread0" daemon [_thread_in_native, id=4940, stack(0x0000007821700000,0x0000007821800000)]
  0x0000020931eda000 JavaThread "C1 CompilerThread0" daemon [_thread_blocked, id=11524, stack(0x0000007821800000,0x0000007821900000)]
  0x000002093158e000 JavaThread "Sweeper thread" daemon [_thread_blocked, id=9208, stack(0x0000007821900000,0x0000007821a00000)]
  0x0000020932019800 JavaThread "Common-Cleaner" daemon [_thread_blocked, id=10264, stack(0x0000007821a00000,0x0000007821b00000)]
  0x000002093208c000 JavaThread "Service Thread" daemon [_thread_blocked, id=560, stack(0x0000007821b00000,0x0000007821c00000)]
  0x0000020933358800 JavaThread "Daemon health stats" [_thread_blocked, id=8752, stack(0x0000007822000000,0x0000007822100000)]
  0x0000020933f3f800 JavaThread "Incoming local TCP Connector on port 50183" [_thread_in_native, id=11320, stack(0x0000007822200000,0x0000007822300000)]
  0x000002093302e800 JavaThread "Daemon periodic checks" [_thread_blocked, id=8052, stack(0x0000007822500000,0x0000007822600000)]
  0x0000020933ddf800 JavaThread "Cache worker for file hash cache (C:\Users\hp\.gradle\caches\6.7.1\fileHashes)" [_thread_blocked, id=5188, stack(0x0000007822b00000,0x0000007822c00000)]
  0x0000020933de3800 JavaThread "File lock request listener" [_thread_in_native, id=7916, stack(0x0000007822c00000,0x0000007822d00000)]
  0x0000020933de5000 JavaThread "Cache worker for journal cache (C:\Users\hp\.gradle\caches\journal-1)" [_thread_blocked, id=3904, stack(0x0000007822e00000,0x0000007822f00000)]
  0x0000020933de1000 JavaThread "Cache worker for execution history cache (C:\Users\hp\.gradle\caches\6.7.1\executionHistory)" [_thread_blocked, id=5420, stack(0x0000007823400000,0x0000007823500000)]
  0x00000209347d6000 JavaThread "Cache worker for file content cache (C:\Users\hp\.gradle\caches\6.7.1\fileContent)" [_thread_blocked, id=1924, stack(0x0000007823600000,0x0000007823700000)]
  0x000002093654b000 JavaThread "Memory manager" [_thread_blocked, id=2072, stack(0x0000007829e00000,0x0000007829f00000)]
  0x000002093450d000 JavaThread "Cache worker for Java compile cache (C:\Users\hp\.gradle\caches\6.7.1\javaCompile)" [_thread_blocked, id=5480, stack(0x000000782ad00000,0x000000782ae00000)]
  0x0000020934513800 JavaThread "ForkJoinPool.commonPool-worker-7" daemon [_thread_blocked, id=11384, stack(0x000000782b000000,0x000000782b100000)]
  0x0000020936546000 JavaThread "Daemon Thread 5" [_thread_blocked, id=4000, stack(0x0000007821d00000,0x0000007821e00000)]
  0x0000020936545000 JavaThread "Handler for socket connection from /127.0.0.1:50183 to /127.0.0.1:51737" [_thread_in_native, id=8532, stack(0x0000007822100000,0x0000007822200000)]
  0x0000020936546800 JavaThread "Cancel handler" [_thread_blocked, id=4028, stack(0x0000007822300000,0x0000007822400000)]
  0x0000020936547800 JavaThread "Daemon worker Thread 5" [_thread_blocked, id=7220, stack(0x0000007822400000,0x0000007822500000)]
  0x0000020936548800 JavaThread "Asynchronous log dispatcher for DefaultDaemonConnection: socket connection from /127.0.0.1:50183 to /127.0.0.1:51737" [_thread_blocked, id=11408, stack(0x0000007822600000,0x0000007822700000)]
  0x0000020936543800 JavaThread "Stdin handler" [_thread_blocked, id=9136, stack(0x0000007822700000,0x0000007822800000)]
  0x0000020936542800 JavaThread "Thread-545" [_thread_blocked, id=3176, stack(0x0000007822800000,0x0000007822900000)]
  0x0000020936549000 JavaThread "Cache worker for file hash cache (C:\Users\hp\AndroidStudioProjects\myPharmacyadmin\.gradle\6.7.1\fileHashes)" [_thread_blocked, id=9516, stack(0x0000007822900000,0x0000007822a00000)]
  0x000002093654a000 JavaThread "Cache worker for checksums cache (C:\Users\hp\AndroidStudioProjects\myPharmacyadmin\.gradle\checksums)" [_thread_blocked, id=11472, stack(0x0000007822a00000,0x0000007822b00000)]
  0x0000020936544000 JavaThread "Cache worker for cache directory md-supplier (C:\Users\hp\.gradle\caches\6.7.1\md-supplier)" [_thread_blocked, id=8328, stack(0x0000007822f00000,0x0000007823000000)]
  0x000002093654f000 JavaThread "Cache worker for cache directory md-rule (C:\Users\hp\.gradle\caches\6.7.1\md-rule)" [_thread_blocked, id=6152, stack(0x0000007823000000,0x0000007823100000)]
  0x000002093654c800 JavaThread "Cache worker for Build Output Cleanup Cache (C:\Users\hp\AndroidStudioProjects\myPharmacyadmin\.gradle\buildOutputCleanup)" [_thread_blocked, id=2196, stack(0x0000007823100000,0x0000007823200000)]
  0x000002093654d000 JavaThread "Build operations" [_thread_blocked, id=252, stack(0x0000007823200000,0x0000007823300000)]
  0x0000020936550800 JavaThread "Build operations Thread 2" [_thread_blocked, id=4452, stack(0x0000007823300000,0x0000007823400000)]
  0x000002093654e000 JavaThread "Build operations Thread 3" [_thread_blocked, id=9256, stack(0x0000007823500000,0x0000007823600000)]
  0x000002093654b800 JavaThread "Build operations Thread 4" [_thread_blocked, id=12024, stack(0x0000007823700000,0x0000007823800000)]
  0x0000020936551800 JavaThread "jar transforms Thread 397" [_thread_blocked, id=7608, stack(0x0000007823800000,0x0000007823900000)]
  0x000002093654f800 JavaThread "jar transforms Thread 398" [_thread_blocked, id=5792, stack(0x0000007823900000,0x0000007823a00000)]
  0x00000209347d7800 JavaThread "jar transforms Thread 399" [_thread_blocked, id=1120, stack(0x0000007823a00000,0x0000007823b00000)]
  0x00000209347d5000 JavaThread "jar transforms Thread 400" [_thread_blocked, id=5612, stack(0x0000007823b00000,0x0000007823c00000)]
  0x00000209347d4000 JavaThread "jar transforms Thread 401" [_thread_blocked, id=8392, stack(0x0000007823c00000,0x0000007823d00000)]
  0x00000209347d8800 JavaThread "jar transforms Thread 402" [_thread_blocked, id=11844, stack(0x0000007823d00000,0x0000007823e00000)]
  0x00000209347d9000 JavaThread "jar transforms Thread 403" [_thread_blocked, id=4552, stack(0x0000007823e00000,0x0000007823f00000)]
  0x00000209347d3800 JavaThread "jar transforms Thread 404" [_thread_blocked, id=2444, stack(0x0000007823f00000,0x0000007824000000)]
  0x00000209347df800 JavaThread "jar transforms Thread 405" [_thread_blocked, id=3240, stack(0x0000007824000000,0x0000007824100000)]
  0x00000209347db800 JavaThread "jar transforms Thread 406" [_thread_blocked, id=9496, stack(0x0000007824100000,0x0000007824200000)]
  0x00000209347df000 JavaThread "jar transforms Thread 407" [_thread_blocked, id=12220, stack(0x0000007824200000,0x0000007824300000)]
  0x00000209347de000 JavaThread "jar transforms Thread 408" [_thread_blocked, id=4636, stack(0x0000007824300000,0x0000007824400000)]
  0x00000209347da000 JavaThread "jar transforms Thread 409" [_thread_blocked, id=1392, stack(0x0000007824400000,0x0000007824500000)]
  0x00000209347e0800 JavaThread "jar transforms Thread 410" [_thread_blocked, id=7020, stack(0x0000007824500000,0x0000007824600000)]
  0x00000209347db000 JavaThread "jar transforms Thread 411" [_thread_blocked, id=11564, stack(0x0000007824600000,0x0000007824700000)]
  0x00000209347e2000 JavaThread "jar transforms Thread 412" [_thread_blocked, id=11312, stack(0x0000007824700000,0x0000007824800000)]
  0x00000209347e1800 JavaThread "jar transforms Thread 413" [_thread_blocked, id=7748, stack(0x0000007824800000,0x0000007824900000)]
  0x00000209347dc800 JavaThread "jar transforms Thread 414" [_thread_blocked, id=5528, stack(0x0000007824900000,0x0000007824a00000)]
  0x00000209347dd000 JavaThread "jar transforms Thread 415" [_thread_blocked, id=2912, stack(0x0000007824a00000,0x0000007824b00000)]
  0x000002093450f800 JavaThread "jar transforms Thread 416" [_thread_blocked, id=6800, stack(0x0000007824b00000,0x0000007824c00000)]
  0x000002093450b800 JavaThread "jar transforms Thread 417" [_thread_blocked, id=8412, stack(0x0000007824c00000,0x0000007824d00000)]
  0x0000020934515800 JavaThread "jar transforms Thread 418" [_thread_blocked, id=7356, stack(0x0000007824d00000,0x0000007824e00000)]
  0x0000020934510800 JavaThread "jar transforms Thread 419" [_thread_blocked, id=11620, stack(0x0000007824e00000,0x0000007824f00000)]
  0x0000020934517000 JavaThread "jar transforms Thread 420" [_thread_blocked, id=2440, stack(0x0000007824f00000,0x0000007825000000)]
  0x0000020934516000 JavaThread "jar transforms Thread 421" [_thread_blocked, id=12008, stack(0x0000007825000000,0x0000007825100000)]
  0x0000020934511800 JavaThread "jar transforms Thread 422" [_thread_blocked, id=5780, stack(0x0000007825100000,0x0000007825200000)]
  0x0000020934512000 JavaThread "jar transforms Thread 423" [_thread_blocked, id=6872, stack(0x0000007825200000,0x0000007825300000)]
  0x0000020934513000 JavaThread "jar transforms Thread 424" [_thread_blocked, id=8480, stack(0x0000007825300000,0x0000007825400000)]
  0x0000020934519800 JavaThread "jar transforms Thread 425" [_thread_blocked, id=9712, stack(0x0000007825400000,0x0000007825500000)]
  0x000002093451a000 JavaThread "jar transforms Thread 426" [_thread_blocked, id=10400, stack(0x0000007825500000,0x0000007825600000)]
  0x0000020933de4000 JavaThread "jar transforms Thread 427" [_thread_blocked, id=12036, stack(0x0000007825600000,0x0000007825700000)]
  0x0000020933de1800 JavaThread "jar transforms Thread 428" [_thread_blocked, id=11268, stack(0x0000007825700000,0x0000007825800000)]
  0x0000020933de2800 JavaThread "jar transforms Thread 429" [_thread_blocked, id=9892, stack(0x0000007825800000,0x0000007825900000)]
  0x0000020933de6000 JavaThread "jar transforms Thread 430" [_thread_blocked, id=4608, stack(0x0000007825900000,0x0000007825a00000)]
  0x0000020933de0000 JavaThread "jar transforms Thread 431" [_thread_blocked, id=3236, stack(0x0000007825a00000,0x0000007825b00000)]
  0x0000020937f20800 JavaThread "jar transforms Thread 432" [_thread_blocked, id=10356, stack(0x0000007825b00000,0x0000007825c00000)]
  0x0000020937f25800 JavaThread "jar transforms Thread 433" [_thread_blocked, id=864, stack(0x0000007825c00000,0x0000007825d00000)]
  0x0000020937f26000 JavaThread "jar transforms Thread 434" [_thread_blocked, id=6904, stack(0x0000007825d00000,0x0000007825e00000)]
  0x0000020937f22000 JavaThread "jar transforms Thread 435" [_thread_blocked, id=3832, stack(0x0000007825e00000,0x0000007825f00000)]
  0x0000020937f24800 JavaThread "jar transforms Thread 436" [_thread_blocked, id=1196, stack(0x0000007825f00000,0x0000007826000000)]
  0x0000020937f27000 JavaThread "jar transforms Thread 437" [_thread_blocked, id=8540, stack(0x0000007826000000,0x0000007826100000)]
  0x0000020937f21800 JavaThread "jar transforms Thread 438" [_thread_blocked, id=11484, stack(0x0000007826100000,0x0000007826200000)]
  0x0000020937f23000 JavaThread "jar transforms Thread 439" [_thread_blocked, id=5224, stack(0x0000007826200000,0x0000007826300000)]
  0x0000020937f28000 JavaThread "jar transforms Thread 440" [_thread_blocked, id=4968, stack(0x0000007826300000,0x0000007826400000)]
  0x0000020937f28800 JavaThread "jar transforms Thread 441" [_thread_blocked, id=11804, stack(0x0000007826400000,0x0000007826500000)]
  0x0000020937f29800 JavaThread "jar transforms Thread 442" [_thread_blocked, id=11392, stack(0x0000007826500000,0x0000007826600000)]
  0x0000020937f24000 JavaThread "jar transforms Thread 443" [_thread_blocked, id=9480, stack(0x0000007826600000,0x0000007826700000)]
  0x0000020937f2b000 JavaThread "jar transforms Thread 444" [_thread_blocked, id=5096, stack(0x0000007826700000,0x0000007826800000)]
  0x0000020937f2f000 JavaThread "jar transforms Thread 445" [_thread_blocked, id=396, stack(0x0000007826800000,0x0000007826900000)]
  0x0000020937f2a800 JavaThread "jar transforms Thread 446" [_thread_blocked, id=3320, stack(0x0000007826900000,0x0000007826a00000)]
  0x0000020937f2c000 JavaThread "jar transforms Thread 447" [_thread_blocked, id=11060, stack(0x0000007826a00000,0x0000007826b00000)]
  0x0000020937f2d000 JavaThread "jar transforms Thread 448" [_thread_blocked, id=8364, stack(0x0000007826b00000,0x0000007826c00000)]
  0x0000020937f2d800 JavaThread "jar transforms Thread 449" [_thread_blocked, id=5208, stack(0x0000007826c00000,0x0000007826d00000)]
  0x0000020937f2e800 JavaThread "jar transforms Thread 450" [_thread_blocked, id=4032, stack(0x0000007826d00000,0x0000007826e00000)]
  0x0000020938309800 JavaThread "jar transforms Thread 451" [_thread_blocked, id=2228, stack(0x0000007826e00000,0x0000007826f00000)]
  0x0000020938306800 JavaThread "jar transforms Thread 452" [_thread_blocked, id=5592, stack(0x0000007826f00000,0x0000007827000000)]
  0x000002093830a800 JavaThread "jar transforms Thread 453" [_thread_blocked, id=10336, stack(0x0000007827000000,0x0000007827100000)]
  0x0000020938308000 JavaThread "jar transforms Thread 454" [_thread_blocked, id=2420, stack(0x0000007827100000,0x0000007827200000)]
  0x000002093830b000 JavaThread "jar transforms Thread 455" [_thread_blocked, id=6600, stack(0x0000007827200000,0x0000007827300000)]
  0x000002093830c000 JavaThread "jar transforms Thread 456" [_thread_blocked, id=7948, stack(0x0000007827300000,0x0000007827400000)]
  0x000002093830d000 JavaThread "jar transforms Thread 457" [_thread_blocked, id=4100, stack(0x0000007827400000,0x0000007827500000)]
  0x0000020938309000 JavaThread "jar transforms Thread 458" [_thread_blocked, id=4876, stack(0x0000007827500000,0x0000007827600000)]
  0x0000020938307000 JavaThread "jar transforms Thread 459" [_thread_blocked, id=11220, stack(0x0000007827600000,0x0000007827700000)]
  0x000002093830d800 JavaThread "jar transforms Thread 460" [_thread_blocked, id=5584, stack(0x0000007827700000,0x0000007827800000)]
  0x0000020938314000 JavaThread "jar transforms Thread 461" [_thread_blocked, id=9048, stack(0x0000007827800000,0x0000007827900000)]
  0x0000020938311000 JavaThread "jar transforms Thread 462" [_thread_blocked, id=5112, stack(0x0000007827900000,0x0000007827a00000)]
  0x000002093830e800 JavaThread "jar transforms Thread 463" [_thread_blocked, id=10164, stack(0x0000007827a00000,0x0000007827b00000)]
  0x0000020938313800 JavaThread "jar transforms Thread 464" [_thread_blocked, id=2264, stack(0x0000007827b00000,0x0000007827c00000)]
  0x0000020938315000 JavaThread "jar transforms Thread 465" [_thread_blocked, id=6996, stack(0x0000007827c00000,0x0000007827d00000)]
  0x0000020938311800 JavaThread "jar transforms Thread 466" [_thread_blocked, id=6120, stack(0x0000007827d00000,0x0000007827e00000)]
  0x0000020938310000 JavaThread "jar transforms Thread 467" [_thread_blocked, id=5084, stack(0x0000007827e00000,0x0000007827f00000)]
  0x0000020938312800 JavaThread "jar transforms Thread 468" [_thread_blocked, id=4024, stack(0x0000007827f00000,0x0000007828000000)]
  0x000002093830f800 JavaThread "jar transforms Thread 469" [_thread_blocked, id=2232, stack(0x0000007828000000,0x0000007828100000)]
  0x0000020934b81000 JavaThread "jar transforms Thread 470" [_thread_blocked, id=8768, stack(0x0000007828100000,0x0000007828200000)]
  0x0000020934b7c800 JavaThread "jar transforms Thread 471" [_thread_blocked, id=5016, stack(0x0000007828200000,0x0000007828300000)]
  0x0000020934b7f800 JavaThread "jar transforms Thread 472" [_thread_blocked, id=10316, stack(0x0000007828300000,0x0000007828400000)]
  0x0000020934b80800 JavaThread "jar transforms Thread 473" [_thread_blocked, id=9556, stack(0x0000007828400000,0x0000007828500000)]
  0x0000020934b7d000 JavaThread "jar transforms Thread 474" [_thread_blocked, id=3432, stack(0x0000007828500000,0x0000007828600000)]
  0x0000020934b7b800 JavaThread "jar transforms Thread 475" [_thread_blocked, id=7744, stack(0x0000007828600000,0x0000007828700000)]
  0x0000020934b83000 JavaThread "jar transforms Thread 476" [_thread_blocked, id=1316, stack(0x0000007828700000,0x0000007828800000)]
  0x0000020934b82000 JavaThread "jar transforms Thread 477" [_thread_blocked, id=6744, stack(0x0000007828800000,0x0000007828900000)]
  0x0000020934b83800 JavaThread "jar transforms Thread 478" [_thread_blocked, id=7816, stack(0x0000007828900000,0x0000007828a00000)]
  0x0000020934b7e000 JavaThread "jar transforms Thread 479" [_thread_blocked, id=2996, stack(0x0000007828a00000,0x0000007828b00000)]
  0x0000020934b84800 JavaThread "jar transforms Thread 480" [_thread_blocked, id=2156, stack(0x0000007828b00000,0x0000007828c00000)]
  0x0000020934b7f000 JavaThread "jar transforms Thread 481" [_thread_blocked, id=6392, stack(0x0000007828c00000,0x0000007828d00000)]
  0x0000020934b85800 JavaThread "jar transforms Thread 482" [_thread_blocked, id=7112, stack(0x0000007828d00000,0x0000007828e00000)]
  0x0000020934b88800 JavaThread "jar transforms Thread 483" [_thread_blocked, id=4020, stack(0x0000007828e00000,0x0000007828f00000)]
  0x0000020934b86000 JavaThread "jar transforms Thread 484" [_thread_blocked, id=5600, stack(0x0000007828f00000,0x0000007829000000)]
  0x0000020934b87000 JavaThread "jar transforms Thread 485" [_thread_blocked, id=4380, stack(0x0000007829000000,0x0000007829100000)]
  0x0000020934b8a000 JavaThread "jar transforms Thread 486" [_thread_blocked, id=7864, stack(0x0000007829100000,0x0000007829200000)]
  0x0000020934b88000 JavaThread "jar transforms Thread 487" [_thread_blocked, id=9732, stack(0x0000007829200000,0x0000007829300000)]
  0x0000020934b89800 JavaThread "jar transforms Thread 488" [_thread_blocked, id=2712, stack(0x0000007829300000,0x0000007829400000)]
  0x0000020934971800 JavaThread "jar transforms Thread 489" [_thread_blocked, id=4908, stack(0x0000007829400000,0x0000007829500000)]
  0x000002093496c800 JavaThread "jar transforms Thread 490" [_thread_blocked, id=4692, stack(0x0000007829500000,0x0000007829600000)]
  0x000002093496f000 JavaThread "jar transforms Thread 491" [_thread_blocked, id=8404, stack(0x0000007829600000,0x0000007829700000)]
  0x000002093496d800 JavaThread "jar transforms Thread 492" [_thread_blocked, id=4596, stack(0x0000007829700000,0x0000007829800000)]
  0x000002093496e000 JavaThread "jar transforms Thread 493" [_thread_blocked, id=4356, stack(0x0000007829800000,0x0000007829900000)]
  0x000002093496f800 JavaThread "jar transforms Thread 494" [_thread_blocked, id=8564, stack(0x0000007829900000,0x0000007829a00000)]
  0x000002093496b800 JavaThread "jar transforms Thread 495" [_thread_blocked, id=1420, stack(0x0000007829a00000,0x0000007829b00000)]
  0x0000020934970800 JavaThread "build event listener" [_thread_blocked, id=5892, stack(0x0000007829c00000,0x0000007829d00000)]
  0x0000020934977000 JavaThread "build event listener" [_thread_blocked, id=2576, stack(0x0000007829d00000,0x0000007829e00000)]
  0x0000020934974800 JavaThread "Execution worker for ':'" [_thread_blocked, id=4116, stack(0x0000007829f00000,0x000000782a000000)]
  0x0000020934973000 JavaThread "Execution worker for ':' Thread 2" [_thread_blocked, id=10892, stack(0x000000782a000000,0x000000782a100000)]
  0x0000020934976800 JavaThread "Execution worker for ':' Thread 3" [_thread_blocked, id=9112, stack(0x000000782a100000,0x000000782a200000)]
  0x0000020934978000 JavaThread "Cache worker for execution history cache (C:\Users\hp\AndroidStudioProjects\myPharmacyadmin\.gradle\6.7.1\executionHistory)" [_thread_blocked, id=3208, stack(0x000000782a200000,0x000000782a300000)]
  0x0000020934975800 JavaThread "Cache worker for Java compile cache (C:\Users\hp\AndroidStudioProjects\myPharmacyadmin\.gradle\6.7.1\javaCompile)" [_thread_blocked, id=4524, stack(0x0000007829b00000,0x0000007829c00000)]
  0x0000020934979800 JavaThread "WorkerExecutor Queue" [_thread_blocked, id=1380, stack(0x000000782a300000,0x000000782a400000)]
  0x0000020934974000 JavaThread "WorkerExecutor Queue Thread 3" [_thread_blocked, id=208, stack(0x000000782a600000,0x000000782a700000)]
  0x000002093497a800 JavaThread "WorkerExecutor Queue Thread 4" [_thread_blocked, id=6156, stack(0x000000782a700000,0x000000782a800000)]
  0x00000209368ee000 JavaThread "WorkerExecutor Queue Thread 5" [_thread_blocked, id=8684, stack(0x000000782a800000,0x000000782a900000)]
  0x00000209368ef000 JavaThread "C2 CompilerThread1" daemon [_thread_blocked, id=12160, stack(0x000000782a400000,0x000000782a500000)]

Other Threads:
=>0x000002093155a800 VMThread "VM Thread" [stack: 0x0000007821200000,0x0000007821300000] [id=4512]
  0x000002093208d800 WatcherThread [stack: 0x0000007821c00000,0x0000007821d00000] [id=6708]
  0x0000020917b0b800 GCTaskThread "GC Thread#0" [stack: 0x0000007820d00000,0x0000007820e00000] [id=1528]
  0x000002093263c800 GCTaskThread "GC Thread#1" [stack: 0x0000007821e00000,0x0000007821f00000] [id=11972]
  0x0000020932513000 GCTaskThread "GC Thread#2" [stack: 0x0000007821f00000,0x0000007822000000] [id=6360]
  0x0000020932f1e800 GCTaskThread "GC Thread#3" [stack: 0x0000007822d00000,0x0000007822e00000] [id=5248]
  0x0000020917b3f000 ConcurrentGCThread "G1 Main Marker" [stack: 0x0000007820e00000,0x0000007820f00000] [id=5172]
  0x0000020917b41800 ConcurrentGCThread "G1 Conc#0" [stack: 0x0000007820f00000,0x0000007821000000] [id=8440]
  0x0000020917bbe800 ConcurrentGCThread "G1 Refine#0" [stack: 0x0000007821000000,0x0000007821100000] [id=8348]
  0x00000209381af800 ConcurrentGCThread "G1 Refine#1" [stack: 0x000000782a500000,0x000000782a600000] [id=11612]
  0x00000209313a6800 ConcurrentGCThread "G1 Young RemSet Sampling" [stack: 0x0000007821100000,0x0000007821200000] [id=3328]

Threads with active compile tasks:
C2 CompilerThread01820637 23748   !   4       com.sun.crypto.provider.PKCS12PBECipherCore::derive (501 bytes)
C2 CompilerThread11820637 23749       4       com.sun.crypto.provider.DESCrypt::cipherBlock (302 bytes)

VM state:at safepoint (normal execution)

VM Mutex/Monitor currently owned by a thread:  ([mutex/lock_event])
[0x0000020917aed9d0] Threads_lock - owner thread: 0x000002093155a800
[0x0000020917aef290] Heap_lock - owner thread: 0x0000020934513800

Heap address: 0x0000000080000000, size: 2048 MB, Compressed Oops mode: 32-bit
Narrow klass base: 0x0000000000000000, Narrow klass shift: 3
Compressed class space size: 1073741824 Address: 0x0000000100000000

Heap:
 garbage-first heap   total 448512K, used 212794K [0x0000000080000000, 0x0000000100000000)
  region size 1024K, 1 young (1024K), 1 survivors (1024K)
 Metaspace       used 119501K, capacity 122520K, committed 122700K, reserved 1157120K
  class space    used 14550K, capacity 15658K, committed 15692K, reserved 1048576K
Heap Regions: E=young(eden), S=young(survivor), O=old, HS=humongous(starts), HC=humongous(continues), CS=collection set, F=free, A=archive, TAMS=top-at-mark-start (previous, next)
|   0|0x0000000080000000, 0x0000000080100000, 0x0000000080100000|100%| O|  |TAMS 0x0000000080100000, 0x0000000080100000| Untracked 
|   1|0x0000000080100000, 0x0000000080200000, 0x0000000080200000|100%| O|  |TAMS 0x0000000080200000, 0x0000000080200000| Untracked 
|   2|0x0000000080200000, 0x0000000080300000, 0x0000000080300000|100%| O|  |TAMS 0x0000000080300000, 0x0000000080300000| Untracked 
|   3|0x0000000080300000, 0x0000000080400000, 0x0000000080400000|100%|HS|  |TAMS 0x0000000080400000, 0x0000000080400000| Complete 
|   4|0x0000000080400000, 0x0000000080500000, 0x0000000080500000|100%|HC|  |TAMS 0x0000000080500000, 0x0000000080500000| Complete 
|   5|0x0000000080500000, 0x0000000080600000, 0x0000000080600000|100%|HC|  |TAMS 0x0000000080600000, 0x0000000080600000| Complete 
|   6|0x0000000080600000, 0x0000000080700000, 0x0000000080700000|100%| O|  |TAMS 0x0000000080700000, 0x0000000080700000| Untracked 
|   7|0x0000000080700000, 0x0000000080800000, 0x0000000080800000|100%| O|  |TAMS 0x0000000080800000, 0x0000000080800000| Untracked 
|   8|0x0000000080800000, 0x0000000080900000, 0x0000000080900000|100%| O|  |TAMS 0x0000000080900000, 0x0000000080900000| Untracked 
|   9|0x0000000080900000, 0x0000000080a00000, 0x0000000080a00000|100%| O|  |TAMS 0x0000000080a00000, 0x0000000080a00000| Untracked 
|  10|0x0000000080a00000, 0x0000000080b00000, 0x0000000080b00000|100%| O|  |TAMS 0x0000000080b00000, 0x0000000080b00000| Untracked 
|  11|0x0000000080b00000, 0x0000000080c00000, 0x0000000080c00000|100%| O|  |TAMS 0x0000000080c00000, 0x0000000080c00000| Untracked 
|  12|0x0000000080c00000, 0x0000000080d00000, 0x0000000080d00000|100%| O|  |TAMS 0x0000000080d00000, 0x0000000080d00000| Untracked 
|  13|0x0000000080d00000, 0x0000000080e00000, 0x0000000080e00000|100%| O|  |TAMS 0x0000000080e00000, 0x0000000080e00000| Untracked 
|  14|0x0000000080e00000, 0x0000000080f00000, 0x0000000080f00000|100%| O|  |TAMS 0x0000000080f00000, 0x0000000080f00000| Untracked 
|  15|0x0000000080f00000, 0x0000000081000000, 0x0000000081000000|100%| O|  |TAMS 0x0000000081000000, 0x0000000081000000| Untracked 
|  16|0x0000000081000000, 0x0000000081100000, 0x0000000081100000|100%| O|  |TAMS 0x0000000081100000, 0x0000000081100000| Untracked 
|  17|0x0000000081100000, 0x0000000081200000, 0x0000000081200000|100%| O|  |TAMS 0x0000000081200000, 0x0000000081200000| Untracked 
|  18|0x0000000081200000, 0x0000000081300000, 0x0000000081300000|100%| O|  |TAMS 0x0000000081300000, 0x0000000081300000| Untracked 
|  19|0x0000000081300000, 0x0000000081400000, 0x0000000081400000|100%|HS|  |TAMS 0x0000000081400000, 0x0000000081400000| Complete 
|  20|0x0000000081400000, 0x0000000081500000, 0x0000000081500000|100%| O|  |TAMS 0x0000000081500000, 0x0000000081500000| Untracked 
|  21|0x0000000081500000, 0x0000000081600000, 0x0000000081600000|100%| O|  |TAMS 0x0000000081600000, 0x0000000081600000| Untracked 
|  22|0x0000000081600000, 0x0000000081700000, 0x0000000081700000|100%|HS|  |TAMS 0x0000000081700000, 0x0000000081700000| Complete 
|  23|0x0000000081700000, 0x0000000081800000, 0x0000000081800000|100%|HC|  |TAMS 0x0000000081800000, 0x0000000081800000| Complete 
|  24|0x0000000081800000, 0x0000000081900000, 0x0000000081900000|100%| O|  |TAMS 0x0000000081900000, 0x0000000081900000| Untracked 
|  25|0x0000000081900000, 0x0000000081a00000, 0x0000000081a00000|100%| O|  |TAMS 0x0000000081a00000, 0x0000000081a00000| Untracked 
|  26|0x0000000081a00000, 0x0000000081b00000, 0x0000000081b00000|100%| O|  |TAMS 0x0000000081b00000, 0x0000000081b00000| Untracked 
|  27|0x0000000081b00000, 0x0000000081c00000, 0x0000000081c00000|100%| O|  |TAMS 0x0000000081c00000, 0x0000000081c00000| Untracked 
|  28|0x0000000081c00000, 0x0000000081d00000, 0x0000000081d00000|100%| O|  |TAMS 0x0000000081d00000, 0x0000000081d00000| Untracked 
|  29|0x0000000081d00000, 0x0000000081e00000, 0x0000000081e00000|100%| O|  |TAMS 0x0000000081e00000, 0x0000000081e00000| Untracked 
|  30|0x0000000081e00000, 0x0000000081f00000, 0x0000000081f00000|100%| O|  |TAMS 0x0000000081f00000, 0x0000000081f00000| Untracked 
|  31|0x0000000081f00000, 0x0000000082000000, 0x0000000082000000|100%| O|  |TAMS 0x0000000082000000, 0x0000000082000000| Untracked 
|  32|0x0000000082000000, 0x0000000082100000, 0x0000000082100000|100%| O|  |TAMS 0x0000000082100000, 0x0000000082100000| Untracked 
|  33|0x0000000082100000, 0x0000000082200000, 0x0000000082200000|100%| O|  |TAMS 0x0000000082200000, 0x0000000082200000| Untracked 
|  34|0x0000000082200000, 0x0000000082300000, 0x0000000082300000|100%| O|  |TAMS 0x0000000082300000, 0x0000000082300000| Untracked 
|  35|0x0000000082300000, 0x0000000082400000, 0x0000000082400000|100%| O|  |TAMS 0x0000000082400000, 0x0000000082400000| Untracked 
|  36|0x0000000082400000, 0x0000000082500000, 0x0000000082500000|100%| O|  |TAMS 0x0000000082500000, 0x0000000082500000| Untracked 
|  37|0x0000000082500000, 0x0000000082600000, 0x0000000082600000|100%| O|  |TAMS 0x0000000082600000, 0x0000000082600000| Untracked 
|  38|0x0000000082600000, 0x0000000082600000, 0x0000000082700000|  0%| F|  |TAMS 0x0000000082600000, 0x0000000082600000| Untracked 
|  39|0x0000000082700000, 0x0000000082800000, 0x0000000082800000|100%| O|  |TAMS 0x0000000082800000, 0x0000000082800000| Untracked 
|  40|0x0000000082800000, 0x0000000082900000, 0x0000000082900000|100%| O|  |TAMS 0x0000000082900000, 0x0000000082900000| Untracked 
|  41|0x0000000082900000, 0x0000000082a00000, 0x0000000082a00000|100%| O|  |TAMS 0x0000000082a00000, 0x0000000082a00000| Untracked 
|  42|0x0000000082a00000, 0x0000000082b00000, 0x0000000082b00000|100%| O|  |TAMS 0x0000000082b00000, 0x0000000082b00000| Untracked 
|  43|0x0000000082b00000, 0x0000000082c00000, 0x0000000082c00000|100%| O|  |TAMS 0x0000000082c00000, 0x0000000082c00000| Untracked 
|  44|0x0000000082c00000, 0x0000000082c00000, 0x0000000082d00000|  0%| F|  |TAMS 0x0000000082c00000, 0x0000000082c00000| Untracked 
|  45|0x0000000082d00000, 0x0000000082e00000, 0x0000000082e00000|100%| O|  |TAMS 0x0000000082e00000, 0x0000000082e00000| Untracked 
|  46|0x0000000082e00000, 0x0000000082f00000, 0x0000000082f00000|100%| O|  |TAMS 0x0000000082f00000, 0x0000000082f00000| Untracked 
|  47|0x0000000082f00000, 0x0000000083000000, 0x0000000083000000|100%| O|  |TAMS 0x0000000083000000, 0x0000000083000000| Untracked 
|  48|0x0000000083000000, 0x0000000083000000, 0x0000000083100000|  0%| F|  |TAMS 0x0000000083000000, 0x0000000083000000| Untracked 
|  49|0x0000000083100000, 0x0000000083200000, 0x0000000083200000|100%| O|  |TAMS 0x0000000083200000, 0x0000000083200000| Untracked 
|  50|0x0000000083200000, 0x0000000083300000, 0x0000000083300000|100%| O|  |TAMS 0x0000000083300000, 0x0000000083300000| Untracked 
|  51|0x0000000083300000, 0x0000000083400000, 0x0000000083400000|100%| O|  |TAMS 0x0000000083400000, 0x0000000083400000| Untracked 
|  52|0x0000000083400000, 0x0000000083500000, 0x0000000083500000|100%| O|  |TAMS 0x0000000083500000, 0x0000000083500000| Untracked 
|  53|0x0000000083500000, 0x0000000083600000, 0x0000000083600000|100%| O|  |TAMS 0x0000000083600000, 0x0000000083600000| Untracked 
|  54|0x0000000083600000, 0x0000000083600000, 0x0000000083700000|  0%| F|  |TAMS 0x0000000083600000, 0x0000000083600000| Untracked 
|  55|0x0000000083700000, 0x0000000083700000, 0x0000000083800000|  0%| F|  |TAMS 0x0000000083700000, 0x0000000083700000| Untracked 
|  56|0x0000000083800000, 0x0000000083900000, 0x0000000083900000|100%| O|  |TAMS 0x0000000083900000, 0x0000000083900000| Untracked 
|  57|0x0000000083900000, 0x0000000083a00000, 0x0000000083a00000|100%| O|  |TAMS 0x0000000083a00000, 0x0000000083a00000| Untracked 
|  58|0x0000000083a00000, 0x0000000083b00000, 0x0000000083b00000|100%| O|  |TAMS 0x0000000083b00000, 0x0000000083b00000| Untracked 
|  59|0x0000000083b00000, 0x0000000083c00000, 0x0000000083c00000|100%| O|  |TAMS 0x0000000083c00000, 0x0000000083c00000| Untracked 
|  60|0x0000000083c00000, 0x0000000083d00000, 0x0000000083d00000|100%| O|  |TAMS 0x0000000083d00000, 0x0000000083d00000| Untracked 
|  61|0x0000000083d00000, 0x0000000083e00000, 0x0000000083e00000|100%|HS|  |TAMS 0x0000000083e00000, 0x0000000083e00000| Complete 
|  62|0x0000000083e00000, 0x0000000083f00000, 0x0000000083f00000|100%| O|  |TAMS 0x0000000083f00000, 0x0000000083f00000| Untracked 
|  63|0x0000000083f00000, 0x0000000083f00000, 0x0000000084000000|  0%| F|  |TAMS 0x0000000083f00000, 0x0000000083f00000| Untracked 
|  64|0x0000000084000000, 0x0000000084100000, 0x0000000084100000|100%| O|  |TAMS 0x0000000084100000, 0x0000000084100000| Untracked 
|  65|0x0000000084100000, 0x0000000084200000, 0x0000000084200000|100%|HS|  |TAMS 0x0000000084100000, 0x0000000084200000| Complete 
|  66|0x0000000084200000, 0x0000000084300000, 0x0000000084300000|100%| O|  |TAMS 0x0000000084300000, 0x0000000084300000| Untracked 
|  67|0x0000000084300000, 0x0000000084400000, 0x0000000084400000|100%| O|  |TAMS 0x0000000084300000, 0x0000000084400000| Untracked 
|  68|0x0000000084400000, 0x0000000084500000, 0x0000000084500000|100%|HS|  |TAMS 0x0000000084400000, 0x0000000084500000| Complete 
|  69|0x0000000084500000, 0x0000000084600000, 0x0000000084600000|100%| O|  |TAMS 0x0000000084600000, 0x0000000084600000| Untracked 
|  70|0x0000000084600000, 0x0000000084600000, 0x0000000084700000|  0%| F|  |TAMS 0x0000000084600000, 0x0000000084600000| Untracked 
|  71|0x0000000084700000, 0x0000000084800000, 0x0000000084800000|100%| O|  |TAMS 0x0000000084700000, 0x0000000084800000| Untracked 
|  72|0x0000000084800000, 0x0000000084900000, 0x0000000084900000|100%|HS|  |TAMS 0x0000000084800000, 0x0000000084900000| Complete 
|  73|0x0000000084900000, 0x0000000084a00000, 0x0000000084a00000|100%| O|  |TAMS 0x0000000084a00000, 0x0000000084a00000| Untracked 
|  74|0x0000000084a00000, 0x0000000084b00000, 0x0000000084b00000|100%| O|  |TAMS 0x0000000084b00000, 0x0000000084b00000| Untracked 
|  75|0x0000000084b00000, 0x0000000084c00000, 0x0000000084c00000|100%| O|  |TAMS 0x0000000084c00000, 0x0000000084c00000| Untracked 
|  76|0x0000000084c00000, 0x0000000084d00000, 0x0000000084d00000|100%| O|  |TAMS 0x0000000084d00000, 0x0000000084d00000| Untracked 
|  77|0x0000000084d00000, 0x0000000084e00000, 0x0000000084e00000|100%|HS|  |TAMS 0x0000000084d00000, 0x0000000084e00000| Complete 
|  78|0x0000000084e00000, 0x0000000084f00000, 0x0000000084f00000|100%| O|  |TAMS 0x0000000084e00000, 0x0000000084f00000| Untracked 
|  79|0x0000000084f00000, 0x0000000085000000, 0x0000000085000000|100%| O|  |TAMS 0x0000000085000000, 0x0000000085000000| Untracked 
|  80|0x0000000085000000, 0x0000000085100000, 0x0000000085100000|100%| O|  |TAMS 0x0000000085100000, 0x0000000085100000| Untracked 
|  81|0x0000000085100000, 0x0000000085200000, 0x0000000085200000|100%|HS|  |TAMS 0x0000000085200000, 0x0000000085200000| Complete 
|  82|0x0000000085200000, 0x0000000085300000, 0x0000000085300000|100%| O|  |TAMS 0x0000000085300000, 0x0000000085300000| Untracked 
|  83|0x0000000085300000, 0x0000000085400000, 0x0000000085400000|100%| O|  |TAMS 0x0000000085400000, 0x0000000085400000| Untracked 
|  84|0x0000000085400000, 0x0000000085500000, 0x0000000085500000|100%| O|  |TAMS 0x0000000085500000, 0x0000000085500000| Untracked 
|  85|0x0000000085500000, 0x0000000085600000, 0x0000000085600000|100%| O|  |TAMS 0x0000000085600000, 0x0000000085600000| Untracked 
|  86|0x0000000085600000, 0x0000000085700000, 0x0000000085700000|100%| O|  |TAMS 0x0000000085700000, 0x0000000085700000| Untracked 
|  87|0x0000000085700000, 0x0000000085800000, 0x0000000085800000|100%| O|  |TAMS 0x0000000085800000, 0x0000000085800000| Untracked 
|  88|0x0000000085800000, 0x0000000085900000, 0x0000000085900000|100%| O|  |TAMS 0x0000000085900000, 0x0000000085900000| Untracked 
|  89|0x0000000085900000, 0x0000000085900000, 0x0000000085a00000|  0%| F|  |TAMS 0x0000000085900000, 0x0000000085900000| Untracked 
|  90|0x0000000085a00000, 0x0000000085a00000, 0x0000000085b00000|  0%| F|  |TAMS 0x0000000085a00000, 0x0000000085a00000| Untracked 
|  91|0x0000000085b00000, 0x0000000085c00000, 0x0000000085c00000|100%| O|  |TAMS 0x0000000085c00000, 0x0000000085c00000| Untracked 
|  92|0x0000000085c00000, 0x0000000085d00000, 0x0000000085d00000|100%| O|  |TAMS 0x0000000085d00000, 0x0000000085d00000| Untracked 
|  93|0x0000000085d00000, 0x0000000085e00000, 0x0000000085e00000|100%|HS|  |TAMS 0x0000000085e00000, 0x0000000085e00000| Complete 
|  94|0x0000000085e00000, 0x0000000085f00000, 0x0000000085f00000|100%| O|  |TAMS 0x0000000085f00000, 0x0000000085f00000| Untracked 
|  95|0x0000000085f00000, 0x0000000086000000, 0x0000000086000000|100%| O|  |TAMS 0x0000000086000000, 0x0000000086000000| Untracked 
|  96|0x0000000086000000, 0x0000000086100000, 0x0000000086100000|100%| O|  |TAMS 0x0000000086100000, 0x0000000086100000| Untracked 
|  97|0x0000000086100000, 0x0000000086200000, 0x0000000086200000|100%| O|  |TAMS 0x0000000086200000, 0x0000000086200000| Untracked 
|  98|0x0000000086200000, 0x0000000086300000, 0x0000000086300000|100%| O|  |TAMS 0x0000000086300000, 0x0000000086300000| Untracked 
|  99|0x0000000086300000, 0x0000000086400000, 0x0000000086400000|100%| O|  |TAMS 0x0000000086400000, 0x0000000086400000| Untracked 
| 100|0x0000000086400000, 0x0000000086500000, 0x0000000086500000|100%| O|  |TAMS 0x0000000086500000, 0x0000000086500000| Untracked 
| 101|0x0000000086500000, 0x0000000086600000, 0x0000000086600000|100%|HS|  |TAMS 0x0000000086600000, 0x0000000086600000| Complete 
| 102|0x0000000086600000, 0x0000000086700000, 0x0000000086700000|100%|HC|  |TAMS 0x0000000086700000, 0x0000000086700000| Complete 
| 103|0x0000000086700000, 0x0000000086800000, 0x0000000086800000|100%|HC|  |TAMS 0x0000000086800000, 0x0000000086800000| Complete 
| 104|0x0000000086800000, 0x0000000086900000, 0x0000000086900000|100%|HC|  |TAMS 0x0000000086900000, 0x0000000086900000| Complete 
| 105|0x0000000086900000, 0x0000000086a00000, 0x0000000086a00000|100%|HC|  |TAMS 0x0000000086a00000, 0x0000000086a00000| Complete 
| 106|0x0000000086a00000, 0x0000000086b00000, 0x0000000086b00000|100%|HC|  |TAMS 0x0000000086b00000, 0x0000000086b00000| Complete 
| 107|0x0000000086b00000, 0x0000000086c00000, 0x0000000086c00000|100%|HC|  |TAMS 0x0000000086c00000, 0x0000000086c00000| Complete 
| 108|0x0000000086c00000, 0x0000000086d00000, 0x0000000086d00000|100%|HC|  |TAMS 0x0000000086d00000, 0x0000000086d00000| Complete 
| 109|0x0000000086d00000, 0x0000000086e00000, 0x0000000086e00000|100%| O|  |TAMS 0x0000000086e00000, 0x0000000086e00000| Untracked 
| 110|0x0000000086e00000, 0x0000000086e00000, 0x0000000086f00000|  0%| F|  |TAMS 0x0000000086e00000, 0x0000000086e00000| Untracked 
| 111|0x0000000086f00000, 0x0000000087000000, 0x0000000087000000|100%| O|  |TAMS 0x0000000087000000, 0x0000000087000000| Untracked 
| 112|0x0000000087000000, 0x0000000087100000, 0x0000000087100000|100%| O|  |TAMS 0x0000000087100000, 0x0000000087100000| Untracked 
| 113|0x0000000087100000, 0x0000000087200000, 0x0000000087200000|100%| O|  |TAMS 0x0000000087200000, 0x0000000087200000| Untracked 
| 114|0x0000000087200000, 0x0000000087300000, 0x0000000087300000|100%| O|  |TAMS 0x0000000087300000, 0x0000000087300000| Untracked 
| 115|0x0000000087300000, 0x0000000087400000, 0x0000000087400000|100%| O|  |TAMS 0x0000000087400000, 0x0000000087400000| Untracked 
| 116|0x0000000087400000, 0x0000000087500000, 0x0000000087500000|100%| O|  |TAMS 0x0000000087500000, 0x0000000087500000| Untracked 
| 117|0x0000000087500000, 0x0000000087600000, 0x0000000087600000|100%| O|  |TAMS 0x0000000087600000, 0x0000000087600000| Untracked 
| 118|0x0000000087600000, 0x0000000087700000, 0x0000000087700000|100%| O|  |TAMS 0x0000000087700000, 0x0000000087700000| Untracked 
| 119|0x0000000087700000, 0x0000000087800000, 0x0000000087800000|100%| O|  |TAMS 0x0000000087800000, 0x0000000087800000| Untracked 
| 120|0x0000000087800000, 0x0000000087900000, 0x0000000087900000|100%| O|  |TAMS 0x0000000087900000, 0x0000000087900000| Untracked 
| 121|0x0000000087900000, 0x0000000087a00000, 0x0000000087a00000|100%| O|  |TAMS 0x0000000087900000, 0x0000000087a00000| Untracked 
| 122|0x0000000087a00000, 0x0000000087b00000, 0x0000000087b00000|100%| O|  |TAMS 0x0000000087a00000, 0x0000000087b00000| Untracked 
| 123|0x0000000087b00000, 0x0000000087c00000, 0x0000000087c00000|100%| O|  |TAMS 0x0000000087b00000, 0x0000000087c00000| Untracked 
| 124|0x0000000087c00000, 0x0000000087d00000, 0x0000000087d00000|100%| O|  |TAMS 0x0000000087c00000, 0x0000000087d00000| Untracked 
| 125|0x0000000087d00000, 0x0000000087e00000, 0x0000000087e00000|100%| O|  |TAMS 0x0000000087d00000, 0x0000000087e00000| Untracked 
| 126|0x0000000087e00000, 0x0000000087f00000, 0x0000000087f00000|100%| O|  |TAMS 0x0000000087e00000, 0x0000000087f00000| Untracked 
| 127|0x0000000087f00000, 0x0000000088000000, 0x0000000088000000|100%| O|  |TAMS 0x0000000087f00000, 0x0000000088000000| Untracked 
| 128|0x0000000088000000, 0x0000000088100000, 0x0000000088100000|100%| O|  |TAMS 0x0000000088000000, 0x0000000088100000| Untracked 
| 129|0x0000000088100000, 0x0000000088200000, 0x0000000088200000|100%| O|  |TAMS 0x0000000088200000, 0x0000000088200000| Untracked 
| 130|0x0000000088200000, 0x0000000088300000, 0x0000000088300000|100%| O|  |TAMS 0x0000000088300000, 0x0000000088300000| Untracked 
| 131|0x0000000088300000, 0x0000000088400000, 0x0000000088400000|100%| O|  |TAMS 0x0000000088400000, 0x0000000088400000| Untracked 
| 132|0x0000000088400000, 0x0000000088500000, 0x0000000088500000|100%| O|  |TAMS 0x0000000088500000, 0x0000000088500000| Untracked 
| 133|0x0000000088500000, 0x0000000088600000, 0x0000000088600000|100%| O|  |TAMS 0x0000000088600000, 0x0000000088600000| Untracked 
| 134|0x0000000088600000, 0x0000000088700000, 0x0000000088700000|100%| O|  |TAMS 0x0000000088700000, 0x0000000088700000| Untracked 
| 135|0x0000000088700000, 0x0000000088700000, 0x0000000088800000|  0%| F|  |TAMS 0x0000000088700000, 0x0000000088700000| Untracked 
| 136|0x0000000088800000, 0x0000000088900000, 0x0000000088900000|100%| O|  |TAMS 0x0000000088900000, 0x0000000088900000| Untracked 
| 137|0x0000000088900000, 0x0000000088a00000, 0x0000000088a00000|100%| O|  |TAMS 0x0000000088a00000, 0x0000000088a00000| Untracked 
| 138|0x0000000088a00000, 0x0000000088b00000, 0x0000000088b00000|100%| O|  |TAMS 0x0000000088b00000, 0x0000000088b00000| Untracked 
| 139|0x0000000088b00000, 0x0000000088c00000, 0x0000000088c00000|100%| O|  |TAMS 0x0000000088c00000, 0x0000000088c00000| Untracked 
| 140|0x0000000088c00000, 0x0000000088d00000, 0x0000000088d00000|100%| O|  |TAMS 0x0000000088c00000, 0x0000000088d00000| Untracked 
| 141|0x0000000088d00000, 0x0000000088e00000, 0x0000000088e00000|100%| O|  |TAMS 0x0000000088e00000, 0x0000000088e00000| Untracked 
| 142|0x0000000088e00000, 0x0000000088f00000, 0x0000000088f00000|100%| O|  |TAMS 0x0000000088f00000, 0x0000000088f00000| Untracked 
| 143|0x0000000088f00000, 0x0000000089000000, 0x0000000089000000|100%| O|  |TAMS 0x0000000089000000, 0x0000000089000000| Untracked 
| 144|0x0000000089000000, 0x0000000089100000, 0x0000000089100000|100%| O|  |TAMS 0x0000000089100000, 0x0000000089100000| Untracked 
| 145|0x0000000089100000, 0x0000000089200000, 0x0000000089200000|100%| O|  |TAMS 0x0000000089200000, 0x0000000089200000| Untracked 
| 146|0x0000000089200000, 0x0000000089300000, 0x0000000089300000|100%| O|  |TAMS 0x0000000089300000, 0x0000000089300000| Untracked 
| 147|0x0000000089300000, 0x0000000089400000, 0x0000000089400000|100%| O|  |TAMS 0x0000000089400000, 0x0000000089400000| Untracked 
| 148|0x0000000089400000, 0x0000000089500000, 0x0000000089500000|100%| O|  |TAMS 0x0000000089500000, 0x0000000089500000| Untracked 
| 149|0x0000000089500000, 0x0000000089600000, 0x0000000089600000|100%| O|  |TAMS 0x0000000089600000, 0x0000000089600000| Untracked 
| 150|0x0000000089600000, 0x0000000089700000, 0x0000000089700000|100%| O|  |TAMS 0x0000000089700000, 0x0000000089700000| Untracked 
| 151|0x0000000089700000, 0x0000000089800000, 0x0000000089800000|100%| O|  |TAMS 0x0000000089800000, 0x0000000089800000| Untracked 
| 152|0x0000000089800000, 0x0000000089900000, 0x0000000089900000|100%| O|  |TAMS 0x0000000089900000, 0x0000000089900000| Untracked 
| 153|0x0000000089900000, 0x0000000089a00000, 0x0000000089a00000|100%| O|  |TAMS 0x0000000089a00000, 0x0000000089a00000| Untracked 
| 154|0x0000000089a00000, 0x0000000089b00000, 0x0000000089b00000|100%| O|  |TAMS 0x0000000089b00000, 0x0000000089b00000| Untracked 
| 155|0x0000000089b00000, 0x0000000089c00000, 0x0000000089c00000|100%| O|  |TAMS 0x0000000089b00000, 0x0000000089c00000| Untracked 
| 156|0x0000000089c00000, 0x0000000089d00000, 0x0000000089d00000|100%| O|  |TAMS 0x0000000089c00000, 0x0000000089d00000| Untracked 
| 157|0x0000000089d00000, 0x0000000089e00000, 0x0000000089e00000|100%|HS|  |TAMS 0x0000000089e00000, 0x0000000089e00000| Complete 
| 158|0x0000000089e00000, 0x0000000089f00000, 0x0000000089f00000|100%| O|  |TAMS 0x0000000089f00000, 0x0000000089f00000| Untracked 
| 159|0x0000000089f00000, 0x000000008a000000, 0x000000008a000000|100%| O|  |TAMS 0x000000008a000000, 0x000000008a000000| Untracked 
| 160|0x000000008a000000, 0x000000008a100000, 0x000000008a100000|100%| O|  |TAMS 0x000000008a100000, 0x000000008a100000| Untracked 
| 161|0x000000008a100000, 0x000000008a200000, 0x000000008a200000|100%| O|  |TAMS 0x000000008a200000, 0x000000008a200000| Untracked 
| 162|0x000000008a200000, 0x000000008a300000, 0x000000008a300000|100%| O|  |TAMS 0x000000008a300000, 0x000000008a300000| Untracked 
| 163|0x000000008a300000, 0x000000008a400000, 0x000000008a400000|100%| O|  |TAMS 0x000000008a400000, 0x000000008a400000| Untracked 
| 164|0x000000008a400000, 0x000000008a500000, 0x000000008a500000|100%| O|  |TAMS 0x000000008a500000, 0x000000008a500000| Untracked 
| 165|0x000000008a500000, 0x000000008a600000, 0x000000008a600000|100%| O|  |TAMS 0x000000008a600000, 0x000000008a600000| Untracked 
| 166|0x000000008a600000, 0x000000008a700000, 0x000000008a700000|100%| O|  |TAMS 0x000000008a700000, 0x000000008a700000| Untracked 
| 167|0x000000008a700000, 0x000000008a800000, 0x000000008a800000|100%| O|  |TAMS 0x000000008a800000, 0x000000008a800000| Untracked 
| 168|0x000000008a800000, 0x000000008a800000, 0x000000008a900000|  0%| F|  |TAMS 0x000000008a800000, 0x000000008a800000| Untracked 
| 169|0x000000008a900000, 0x000000008aa00000, 0x000000008aa00000|100%| O|  |TAMS 0x000000008aa00000, 0x000000008aa00000| Untracked 
| 170|0x000000008aa00000, 0x000000008ab00000, 0x000000008ab00000|100%| O|  |TAMS 0x000000008aa00000, 0x000000008ab00000| Untracked 
| 171|0x000000008ab00000, 0x000000008ac00000, 0x000000008ac00000|100%| O|  |TAMS 0x000000008ac00000, 0x000000008ac00000| Untracked 
| 172|0x000000008ac00000, 0x000000008ac00000, 0x000000008ad00000|  0%| F|  |TAMS 0x000000008ac00000, 0x000000008ac00000| Untracked 
| 173|0x000000008ad00000, 0x000000008ae00000, 0x000000008ae00000|100%| O|  |TAMS 0x000000008ae00000, 0x000000008ae00000| Untracked 
| 174|0x000000008ae00000, 0x000000008af00000, 0x000000008af00000|100%| O|  |TAMS 0x000000008ae00000, 0x000000008af00000| Untracked 
| 175|0x000000008af00000, 0x000000008af00000, 0x000000008b000000|  0%| F|  |TAMS 0x000000008af00000, 0x000000008af00000| Untracked 
| 176|0x000000008b000000, 0x000000008b000000, 0x000000008b100000|  0%| F|  |TAMS 0x000000008b000000, 0x000000008b000000| Untracked 
| 177|0x000000008b100000, 0x000000008b100000, 0x000000008b200000|  0%| F|  |TAMS 0x000000008b100000, 0x000000008b100000| Untracked 
| 178|0x000000008b200000, 0x000000008b300000, 0x000000008b300000|100%| O|  |TAMS 0x000000008b200000, 0x000000008b300000| Untracked 
| 179|0x000000008b300000, 0x000000008b400000, 0x000000008b400000|100%| O|  |TAMS 0x000000008b300000, 0x000000008b400000| Untracked 
| 180|0x000000008b400000, 0x000000008b500000, 0x000000008b500000|100%|HS|  |TAMS 0x000000008b500000, 0x000000008b500000| Complete 
| 181|0x000000008b500000, 0x000000008b600000, 0x000000008b600000|100%|HS|  |TAMS 0x000000008b600000, 0x000000008b600000| Complete 
| 182|0x000000008b600000, 0x000000008b700000, 0x000000008b700000|100%| O|  |TAMS 0x000000008b600000, 0x000000008b700000| Untracked 
| 183|0x000000008b700000, 0x000000008b800000, 0x000000008b800000|100%|HS|  |TAMS 0x000000008b800000, 0x000000008b800000| Complete 
| 184|0x000000008b800000, 0x000000008b900000, 0x000000008b900000|100%|HC|  |TAMS 0x000000008b900000, 0x000000008b900000| Complete 
| 185|0x000000008b900000, 0x000000008ba00000, 0x000000008ba00000|100%| O|  |TAMS 0x000000008b900000, 0x000000008ba00000| Untracked 
| 186|0x000000008ba00000, 0x000000008bb00000, 0x000000008bb00000|100%|HS|  |TAMS 0x000000008bb00000, 0x000000008bb00000| Complete 
| 187|0x000000008bb00000, 0x000000008bc00000, 0x000000008bc00000|100%|HC|  |TAMS 0x000000008bc00000, 0x000000008bc00000| Complete 
| 188|0x000000008bc00000, 0x000000008bc00000, 0x000000008bd00000|  0%| F|  |TAMS 0x000000008bc00000, 0x000000008bc00000| Untracked 
| 189|0x000000008bd00000, 0x000000008be00000, 0x000000008be00000|100%| O|  |TAMS 0x000000008be00000, 0x000000008be00000| Untracked 
| 190|0x000000008be00000, 0x000000008bf00000, 0x000000008bf00000|100%| O|  |TAMS 0x000000008bf00000, 0x000000008bf00000| Untracked 
| 191|0x000000008bf00000, 0x000000008c000000, 0x000000008c000000|100%| O|  |TAMS 0x000000008c000000, 0x000000008c000000| Untracked 
| 192|0x000000008c000000, 0x000000008c100000, 0x000000008c100000|100%| O|  |TAMS 0x000000008c100000, 0x000000008c100000| Untracked 
| 193|0x000000008c100000, 0x000000008c200000, 0x000000008c200000|100%| O|  |TAMS 0x000000008c200000, 0x000000008c200000| Untracked 
| 194|0x000000008c200000, 0x000000008c300000, 0x000000008c300000|100%| O|  |TAMS 0x000000008c300000, 0x000000008c300000| Untracked 
| 195|0x000000008c300000, 0x000000008c400000, 0x000000008c400000|100%| O|  |TAMS 0x000000008c400000, 0x000000008c400000| Untracked 
| 196|0x000000008c400000, 0x000000008c500000, 0x000000008c500000|100%| O|  |TAMS 0x000000008c500000, 0x000000008c500000| Untracked 
| 197|0x000000008c500000, 0x000000008c600000, 0x000000008c600000|100%|HS|  |TAMS 0x000000008c600000, 0x000000008c600000| Complete 
| 198|0x000000008c600000, 0x000000008c700000, 0x000000008c700000|100%|HS|  |TAMS 0x000000008c700000, 0x000000008c700000| Complete 
| 199|0x000000008c700000, 0x000000008c800000, 0x000000008c800000|100%|HS|  |TAMS 0x000000008c800000, 0x000000008c800000| Complete 
| 200|0x000000008c800000, 0x000000008c900000, 0x000000008c900000|100%|HC|  |TAMS 0x000000008c900000, 0x000000008c900000| Complete 
| 201|0x000000008c900000, 0x000000008ca00000, 0x000000008ca00000|100%|HS|  |TAMS 0x000000008ca00000, 0x000000008ca00000| Complete 
| 202|0x000000008ca00000, 0x000000008cb00000, 0x000000008cb00000|100%|HS|  |TAMS 0x000000008cb00000, 0x000000008cb00000| Complete 
| 203|0x000000008cb00000, 0x000000008cc00000, 0x000000008cc00000|100%|HS|  |TAMS 0x000000008cc00000, 0x000000008cc00000| Complete 
| 204|0x000000008cc00000, 0x000000008cd00000, 0x000000008cd00000|100%|HS|  |TAMS 0x000000008cd00000, 0x000000008cd00000| Complete 
| 205|0x000000008cd00000, 0x000000008ce00000, 0x000000008ce00000|100%|HC|  |TAMS 0x000000008ce00000, 0x000000008ce00000| Complete 
| 206|0x000000008ce00000, 0x000000008ce00000, 0x000000008cf00000|  0%| F|  |TAMS 0x000000008ce00000, 0x000000008ce00000| Untracked 
| 207|0x000000008cf00000, 0x000000008cf00000, 0x000000008d000000|  0%| F|  |TAMS 0x000000008cf00000, 0x000000008cf00000| Untracked 
| 208|0x000000008d000000, 0x000000008d000000, 0x000000008d100000|  0%| F|  |TAMS 0x000000008d000000, 0x000000008d000000| Untracked 
| 209|0x000000008d100000, 0x000000008d200000, 0x000000008d200000|100%| O|  |TAMS 0x000000008d200000, 0x000000008d200000| Untracked 
| 210|0x000000008d200000, 0x000000008d300000, 0x000000008d300000|100%| O|  |TAMS 0x000000008d300000, 0x000000008d300000| Untracked 
| 211|0x000000008d300000, 0x000000008d400000, 0x000000008d400000|100%| O|  |TAMS 0x000000008d400000, 0x000000008d400000| Untracked 
| 212|0x000000008d400000, 0x000000008d400000, 0x000000008d500000|  0%| F|  |TAMS 0x000000008d400000, 0x000000008d400000| Untracked 
| 213|0x000000008d500000, 0x000000008d500000, 0x000000008d600000|  0%| F|  |TAMS 0x000000008d500000, 0x000000008d500000| Untracked 
| 214|0x000000008d600000, 0x000000008d700000, 0x000000008d700000|100%|HS|  |TAMS 0x000000008d600000, 0x000000008d700000| Complete 
| 215|0x000000008d700000, 0x000000008d800000, 0x000000008d800000|100%|HC|  |TAMS 0x000000008d700000, 0x000000008d800000| Complete 
| 216|0x000000008d800000, 0x000000008d900000, 0x000000008d900000|100%| O|  |TAMS 0x000000008d800000, 0x000000008d900000| Untracked 
| 217|0x000000008d900000, 0x000000008da00000, 0x000000008da00000|100%|HS|  |TAMS 0x000000008d900000, 0x000000008da00000| Complete 
| 218|0x000000008da00000, 0x000000008db00000, 0x000000008db00000|100%| O|  |TAMS 0x000000008da00000, 0x000000008db00000| Untracked 
| 219|0x000000008db00000, 0x000000008dc00000, 0x000000008dc00000|100%| O|  |TAMS 0x000000008db00000, 0x000000008dc00000| Untracked 
| 220|0x000000008dc00000, 0x000000008dd00000, 0x000000008dd00000|100%|HS|  |TAMS 0x000000008dc00000, 0x000000008dd00000| Complete 
| 221|0x000000008dd00000, 0x000000008de00000, 0x000000008de00000|100%|HC|  |TAMS 0x000000008dd00000, 0x000000008de00000| Complete 
| 222|0x000000008de00000, 0x000000008df00000, 0x000000008df00000|100%|HC|  |TAMS 0x000000008de00000, 0x000000008df00000| Complete 
| 223|0x000000008df00000, 0x000000008e000000, 0x000000008e000000|100%|HC|  |TAMS 0x000000008df00000, 0x000000008e000000| Complete 
| 224|0x000000008e000000, 0x000000008e100000, 0x000000008e100000|100%|HC|  |TAMS 0x000000008e000000, 0x000000008e100000| Complete 
| 225|0x000000008e100000, 0x000000008e200000, 0x000000008e200000|100%|HC|  |TAMS 0x000000008e100000, 0x000000008e200000| Complete 
| 226|0x000000008e200000, 0x000000008e300000, 0x000000008e300000|100%|HC|  |TAMS 0x000000008e200000, 0x000000008e300000| Complete 
| 227|0x000000008e300000, 0x000000008e400000, 0x000000008e400000|100%|HC|  |TAMS 0x000000008e300000, 0x000000008e400000| Complete 
| 228|0x000000008e400000, 0x000000008e500000, 0x000000008e500000|100%|HC|  |TAMS 0x000000008e400000, 0x000000008e500000| Complete 
| 229|0x000000008e500000, 0x000000008e556400, 0x000000008e600000| 33%| O|  |TAMS 0x000000008e500000, 0x000000008e556400| Untracked 
| 230|0x000000008e600000, 0x000000008e600000, 0x000000008e700000|  0%| F|  |TAMS 0x000000008e600000, 0x000000008e600000| Untracked 
| 231|0x000000008e700000, 0x000000008e700000, 0x000000008e800000|  0%| F|  |TAMS 0x000000008e700000, 0x000000008e700000| Untracked 
| 232|0x000000008e800000, 0x000000008e800000, 0x000000008e900000|  0%| F|  |TAMS 0x000000008e800000, 0x000000008e800000| Untracked 
| 233|0x000000008e900000, 0x000000008e900000, 0x000000008ea00000|  0%| F|  |TAMS 0x000000008e900000, 0x000000008e900000| Untracked 
| 234|0x000000008ea00000, 0x000000008ea00000, 0x000000008eb00000|  0%| F|  |TAMS 0x000000008ea00000, 0x000000008ea00000| Untracked 
| 235|0x000000008eb00000, 0x000000008eb00000, 0x000000008ec00000|  0%| F|  |TAMS 0x000000008eb00000, 0x000000008eb00000| Untracked 
| 236|0x000000008ec00000, 0x000000008ec00000, 0x000000008ed00000|  0%| F|  |TAMS 0x000000008ec00000, 0x000000008ec00000| Untracked 
| 237|0x000000008ed00000, 0x000000008ed00000, 0x000000008ee00000|  0%| F|  |TAMS 0x000000008ed00000, 0x000000008ed00000| Untracked 
| 238|0x000000008ee00000, 0x000000008ee00000, 0x000000008ef00000|  0%| F|  |TAMS 0x000000008ee00000, 0x000000008ee00000| Untracked 
| 239|0x000000008ef00000, 0x000000008ef00000, 0x000000008f000000|  0%| F|  |TAMS 0x000000008ef00000, 0x000000008ef00000| Untracked 
| 240|0x000000008f000000, 0x000000008f000000, 0x000000008f100000|  0%| F|  |TAMS 0x000000008f000000, 0x000000008f000000| Untracked 
| 241|0x000000008f100000, 0x000000008f100000, 0x000000008f200000|  0%| F|  |TAMS 0x000000008f100000, 0x000000008f100000| Untracked 
| 242|0x000000008f200000, 0x000000008f200000, 0x000000008f300000|  0%| F|  |TAMS 0x000000008f200000, 0x000000008f200000| Untracked 
| 243|0x000000008f300000, 0x000000008f300000, 0x000000008f400000|  0%| F|  |TAMS 0x000000008f300000, 0x000000008f300000| Untracked 
| 244|0x000000008f400000, 0x000000008f400000, 0x000000008f500000|  0%| F|  |TAMS 0x000000008f400000, 0x000000008f400000| Untracked 
| 245|0x000000008f500000, 0x000000008f500000, 0x000000008f600000|  0%| F|  |TAMS 0x000000008f500000, 0x000000008f500000| Untracked 
| 246|0x000000008f600000, 0x000000008f600000, 0x000000008f700000|  0%| F|  |TAMS 0x000000008f600000, 0x000000008f600000| Untracked 
| 247|0x000000008f700000, 0x000000008f700000, 0x000000008f800000|  0%| F|  |TAMS 0x000000008f700000, 0x000000008f700000| Untracked 
| 248|0x000000008f800000, 0x000000008f800000, 0x000000008f900000|  0%| F|  |TAMS 0x000000008f800000, 0x000000008f800000| Untracked 
| 249|0x000000008f900000, 0x000000008f900000, 0x000000008fa00000|  0%| F|  |TAMS 0x000000008f900000, 0x000000008f900000| Untracked 
| 250|0x000000008fa00000, 0x000000008fa00000, 0x000000008fb00000|  0%| F|  |TAMS 0x000000008fa00000, 0x000000008fa00000| Untracked 
| 251|0x000000008fb00000, 0x000000008fb00000, 0x000000008fc00000|  0%| F|  |TAMS 0x000000008fb00000, 0x000000008fb00000| Untracked 
| 252|0x000000008fc00000, 0x000000008fc00000, 0x000000008fd00000|  0%| F|  |TAMS 0x000000008fc00000, 0x000000008fc00000| Untracked 
| 253|0x000000008fd00000, 0x000000008fd00000, 0x000000008fe00000|  0%| F|  |TAMS 0x000000008fd00000, 0x000000008fd00000| Untracked 
| 254|0x000000008fe00000, 0x000000008fe00000, 0x000000008ff00000|  0%| F|  |TAMS 0x000000008fe00000, 0x000000008fe00000| Untracked 
| 255|0x000000008ff00000, 0x000000008ff00000, 0x0000000090000000|  0%| F|  |TAMS 0x000000008ff00000, 0x000000008ff00000| Untracked 
| 256|0x0000000090000000, 0x0000000090000000, 0x0000000090100000|  0%| F|  |TAMS 0x0000000090000000, 0x0000000090000000| Untracked 
| 257|0x0000000090100000, 0x0000000090100000, 0x0000000090200000|  0%| F|  |TAMS 0x0000000090100000, 0x0000000090100000| Untracked 
| 258|0x0000000090200000, 0x0000000090200000, 0x0000000090300000|  0%| F|  |TAMS 0x0000000090200000, 0x0000000090200000| Untracked 
| 259|0x0000000090300000, 0x0000000090300000, 0x0000000090400000|  0%| F|  |TAMS 0x0000000090300000, 0x0000000090300000| Untracked 
| 260|0x0000000090400000, 0x0000000090400000, 0x0000000090500000|  0%| F|  |TAMS 0x0000000090400000, 0x0000000090400000| Untracked 
| 261|0x0000000090500000, 0x0000000090500000, 0x0000000090600000|  0%| F|  |TAMS 0x0000000090500000, 0x0000000090500000| Untracked 
| 262|0x0000000090600000, 0x0000000090600000, 0x0000000090700000|  0%| F|  |TAMS 0x0000000090600000, 0x0000000090600000| Untracked 
| 263|0x0000000090700000, 0x0000000090700000, 0x0000000090800000|  0%| F|  |TAMS 0x0000000090700000, 0x0000000090700000| Untracked 
| 264|0x0000000090800000, 0x0000000090800000, 0x0000000090900000|  0%| F|  |TAMS 0x0000000090800000, 0x0000000090800000| Untracked 
| 265|0x0000000090900000, 0x0000000090900000, 0x0000000090a00000|  0%| F|  |TAMS 0x0000000090900000, 0x0000000090900000| Untracked 
| 266|0x0000000090a00000, 0x0000000090a00000, 0x0000000090b00000|  0%| F|  |TAMS 0x0000000090a00000, 0x0000000090a00000| Untracked 
| 267|0x0000000090b00000, 0x0000000090b78740, 0x0000000090c00000| 47%| S|CS|TAMS 0x0000000090b00000, 0x0000000090b00000| Complete 
| 268|0x0000000090c00000, 0x0000000090c00000, 0x0000000090d00000|  0%| F|  |TAMS 0x0000000090c00000, 0x0000000090c00000| Untracked 
| 269|0x0000000090d00000, 0x0000000090d00000, 0x0000000090e00000|  0%| F|  |TAMS 0x0000000090d00000, 0x0000000090d00000| Untracked 
| 270|0x0000000090e00000, 0x0000000090e00000, 0x0000000090f00000|  0%| F|  |TAMS 0x0000000090e00000, 0x0000000090e00000| Untracked 
| 271|0x0000000090f00000, 0x0000000090f00000, 0x0000000091000000|  0%| F|  |TAMS 0x0000000090f00000, 0x0000000090f00000| Untracked 
| 272|0x0000000091000000, 0x0000000091000000, 0x0000000091100000|  0%| F|  |TAMS 0x0000000091000000, 0x0000000091000000| Untracked 
| 273|0x0000000091100000, 0x0000000091100000, 0x0000000091200000|  0%| F|  |TAMS 0x0000000091100000, 0x0000000091100000| Untracked 
| 274|0x0000000091200000, 0x0000000091200000, 0x0000000091300000|  0%| F|  |TAMS 0x0000000091200000, 0x0000000091200000| Untracked 

Card table byte_map: [0x000002092a860000,0x000002092ac60000] _byte_map_base: 0x000002092a460000

Marking Bits (Prev, Next): (CMBitMap*) 0x0000020917b36488, (CMBitMap*) 0x0000020917b364c0
 Prev Bits: [0x000002092b060000, 0x000002092d060000)
 Next Bits: [0x000002092d060000, 0x000002092f060000)

Polling page: 0x00000209159d0000

Metaspace:

Usage:
  Non-class:    104.36 MB capacity,   102.49 MB ( 98%) used,     1.51 MB (  1%) free+waste,   368.00 KB ( <1%) overhead. 
      Class:     15.29 MB capacity,    14.21 MB ( 93%) used,   947.41 KB (  6%) free+waste,   160.19 KB (  1%) overhead. 
       Both:    119.65 MB capacity,   116.70 MB ( 98%) used,     2.43 MB (  2%) free+waste,   528.19 KB ( <1%) overhead. 

Virtual space:
  Non-class space:      106.00 MB reserved,     104.50 MB ( 99%) committed 
      Class space:        1.00 GB reserved,      15.32 MB (  1%) committed 
             Both:        1.10 GB reserved,     119.82 MB ( 11%) committed 

Chunk freelists:
   Non-Class:  18.00 KB
       Class:  0 bytes
        Both:  18.00 KB

MaxMetaspaceSize: 17179869184.00 GB
CompressedClassSpaceSize: 1.00 GB

CodeHeap 'non-profiled nmethods': size=120064Kb used=16698Kb max_used=16698Kb free=103365Kb
 bounds [0x0000020922f20000, 0x0000020923f80000, 0x000002092a460000]
CodeHeap 'profiled nmethods': size=120000Kb used=42154Kb max_used=42154Kb free=77845Kb
 bounds [0x000002091b9f0000, 0x000002091e350000, 0x0000020922f20000]
CodeHeap 'non-nmethods': size=5696Kb used=2322Kb max_used=2393Kb free=3373Kb
 bounds [0x000002091b460000, 0x000002091b6d0000, 0x000002091b9f0000]
 total_blobs=20421 nmethods=19480 adapters=849
 compilation: enabled
              stopped_count=0, restarted_count=0
 full_count=0

Compilation events (20 events):
Event: 1820.150 Thread 0x0000020931eda000 nmethod 23744% 0x000002091e339690 code [0x000002091e339d60, 0x000002091e33f208]
Event: 1820.150 Thread 0x0000020931eda000 23739       3       com.sun.org.apache.xerces.internal.impl.XMLDocumentScannerImpl::setFeature (75 bytes)
Event: 1820.151 Thread 0x0000020931eda000 nmethod 23739 0x000002091e340890 code [0x000002091e340b40, 0x000002091e341798]
Event: 1820.151 Thread 0x0000020931eda000 23740       3       com.sun.org.apache.xerces.internal.impl.XMLDocumentFragmentScannerImpl::setFeature (40 bytes)
Event: 1820.152 Thread 0x0000020931eda000 nmethod 23740 0x000002091e341c10 code [0x000002091e341e40, 0x000002091e342388]
Event: 1820.152 Thread 0x0000020931eda000 23741       3       com.sun.org.apache.xerces.internal.impl.dtd.XMLDTDProcessor::setFeature (1 bytes)
Event: 1820.152 Thread 0x0000020931eda000 nmethod 23741 0x000002091e342610 code [0x000002091e3427c0, 0x000002091e3428b8]
Event: 1820.152 Thread 0x0000020931eda000 23742       3       com.sun.org.apache.xerces.internal.impl.dtd.XMLDTDValidator::setFeature (1 bytes)
Event: 1820.152 Thread 0x0000020931eda000 nmethod 23742 0x000002091e342990 code [0x000002091e342b40, 0x000002091e342c38]
Event: 1820.152 Thread 0x0000020931eda000 23743       1       com.sun.xml.internal.stream.Entity$ScannedEntity::isExternal (5 bytes)
Event: 1820.152 Thread 0x0000020931eda000 nmethod 23743 0x0000020923f70890 code [0x0000020923f70a40, 0x0000020923f70af8]
Event: 1820.155 Thread 0x00000209368f3000 nmethod 23747 0x0000020923f70b90 code [0x0000020923f70d60, 0x0000020923f71168]
Event: 1820.366 Thread 0x0000020931ed2800 23748   !   4       com.sun.crypto.provider.PKCS12PBECipherCore::derive (501 bytes)
Event: 1820.509 Thread 0x0000020931eda000 23753       3       sun.security.util.DerValue::<init> (16 bytes)
Event: 1820.510 Thread 0x0000020931eda000 nmethod 23753 0x000002091e342d10 code [0x000002091e342ee0, 0x000002091e3430e8]
Event: 1820.510 Thread 0x0000020931eda000 23754  s    3       java.io.ByteArrayInputStream::skip (43 bytes)
Event: 1820.510 Thread 0x00000209368ef000 23749       4       com.sun.crypto.provider.DESCrypt::cipherBlock (302 bytes)
Event: 1820.510 Thread 0x0000020931eda000 nmethod 23754 0x000002091e343210 code [0x000002091e3433c0, 0x000002091e3436d8]
Event: 1820.510 Thread 0x0000020931eda000 23755       3       sun.security.util.DerOutputStream::putLength (147 bytes)
Event: 1820.516 Thread 0x0000020931eda000 nmethod 23755 0x000002091e343790 code [0x000002091e343c00, 0x000002091e3474c8]

GC Heap History (20 events):
Event: 1817.670 GC heap after
{Heap after GC invocations=92 (full 0):
 garbage-first heap   total 281600K, used 206336K [0x0000000080000000, 0x0000000100000000)
  region size 1024K, 5 young (5120K), 5 survivors (5120K)
 Metaspace       used 119466K, capacity 122515K, committed 122700K, reserved 1157120K
  class space    used 14549K, capacity 15657K, committed 15692K, reserved 1048576K
}
Event: 1818.136 GC heap before
{Heap before GC invocations=92 (full 0):
 garbage-first heap   total 281600K, used 222720K [0x0000000080000000, 0x0000000100000000)
  region size 1024K, 13 young (13312K), 5 survivors (5120K)
 Metaspace       used 119466K, capacity 122515K, committed 122700K, reserved 1157120K
  class space    used 14549K, capacity 15657K, committed 15692K, reserved 1048576K
}
Event: 1818.195 GC heap after
{Heap after GC invocations=93 (full 0):
 garbage-first heap   total 281600K, used 211451K [0x0000000080000000, 0x0000000100000000)
  region size 1024K, 2 young (2048K), 2 survivors (2048K)
 Metaspace       used 119466K, capacity 122515K, committed 122700K, reserved 1157120K
  class space    used 14549K, capacity 15657K, committed 15692K, reserved 1048576K
}
Event: 1818.264 GC heap before
{Heap before GC invocations=93 (full 0):
 garbage-first heap   total 281600K, used 222715K [0x0000000080000000, 0x0000000100000000)
  region size 1024K, 15 young (15360K), 2 survivors (2048K)
 Metaspace       used 119466K, capacity 122515K, committed 122700K, reserved 1157120K
  class space    used 14549K, capacity 15657K, committed 15692K, reserved 1048576K
}
Event: 1818.271 GC heap after
{Heap after GC invocations=94 (full 0):
 garbage-first heap   total 281600K, used 212992K [0x0000000080000000, 0x0000000100000000)
  region size 1024K, 3 young (3072K), 3 survivors (3072K)
 Metaspace       used 119466K, capacity 122515K, committed 122700K, reserved 1157120K
  class space    used 14549K, capacity 15657K, committed 15692K, reserved 1048576K
}
Event: 1818.796 GC heap before
{Heap before GC invocations=94 (full 0):
 garbage-first heap   total 281600K, used 239616K [0x0000000080000000, 0x0000000100000000)
  region size 1024K, 23 young (23552K), 3 survivors (3072K)
 Metaspace       used 119466K, capacity 122515K, committed 122700K, reserved 1157120K
  class space    used 14549K, capacity 15657K, committed 15692K, reserved 1048576K
}
Event: 1818.804 GC heap after
{Heap after GC invocations=95 (full 0):
 garbage-first heap   total 281600K, used 220911K [0x0000000080000000, 0x0000000100000000)
  region size 1024K, 3 young (3072K), 3 survivors (3072K)
 Metaspace       used 119466K, capacity 122515K, committed 122700K, reserved 1157120K
  class space    used 14549K, capacity 15657K, committed 15692K, reserved 1048576K
}
Event: 1818.857 GC heap before
{Heap before GC invocations=95 (full 0):
 garbage-first heap   total 281600K, used 237295K [0x0000000080000000, 0x0000000100000000)
  region size 1024K, 20 young (20480K), 3 survivors (3072K)
 Metaspace       used 119466K, capacity 122515K, committed 122700K, reserved 1157120K
  class space    used 14549K, capacity 15657K, committed 15692K, reserved 1048576K
}
Event: 1818.872 GC heap after
{Heap after GC invocations=96 (full 0):
 garbage-first heap   total 281600K, used 224316K [0x0000000080000000, 0x0000000100000000)
  region size 1024K, 3 young (3072K), 3 survivors (3072K)
 Metaspace       used 119466K, capacity 122515K, committed 122700K, reserved 1157120K
  class space    used 14549K, capacity 15657K, committed 15692K, reserved 1048576K
}
Event: 1818.949 GC heap before
{Heap before GC invocations=96 (full 0):
 garbage-first heap   total 281600K, used 240700K [0x0000000080000000, 0x0000000100000000)
  region size 1024K, 18 young (18432K), 3 survivors (3072K)
 Metaspace       used 119466K, capacity 122515K, committed 122700K, reserved 1157120K
  class space    used 14549K, capacity 15657K, committed 15692K, reserved 1048576K
}
Event: 1818.963 GC heap after
{Heap after GC invocations=97 (full 0):
 garbage-first heap   total 281600K, used 228221K [0x0000000080000000, 0x0000000100000000)
  region size 1024K, 3 young (3072K), 3 survivors (3072K)
 Metaspace       used 119466K, capacity 122515K, committed 122700K, reserved 1157120K
  class space    used 14549K, capacity 15657K, committed 15692K, reserved 1048576K
}
Event: 1819.276 GC heap before
{Heap before GC invocations=97 (full 0):
 garbage-first heap   total 281600K, used 236413K [0x0000000080000000, 0x0000000100000000)
  region size 1024K, 17 young (17408K), 3 survivors (3072K)
 Metaspace       used 119466K, capacity 122515K, committed 122700K, reserved 1157120K
  class space    used 14549K, capacity 15657K, committed 15692K, reserved 1048576K
}
Event: 1819.285 GC heap after
{Heap after GC invocations=98 (full 0):
 garbage-first heap   total 281600K, used 224578K [0x0000000080000000, 0x0000000100000000)
  region size 1024K, 3 young (3072K), 3 survivors (3072K)
 Metaspace       used 119466K, capacity 122515K, committed 122700K, reserved 1157120K
  class space    used 14549K, capacity 15657K, committed 15692K, reserved 1048576K
}
Event: 1819.384 GC heap before
{Heap before GC invocations=98 (full 0):
 garbage-first heap   total 281600K, used 238914K [0x0000000080000000, 0x0000000100000000)
  region size 1024K, 18 young (18432K), 3 survivors (3072K)
 Metaspace       used 119466K, capacity 122515K, committed 122700K, reserved 1157120K
  class space    used 14549K, capacity 15657K, committed 15692K, reserved 1048576K
}
Event: 1819.395 GC heap after
{Heap after GC invocations=99 (full 0):
 garbage-first heap   total 281600K, used 225520K [0x0000000080000000, 0x0000000100000000)
  region size 1024K, 2 young (2048K), 2 survivors (2048K)
 Metaspace       used 119466K, capacity 122515K, committed 122700K, reserved 1157120K
  class space    used 14549K, capacity 15657K, committed 15692K, reserved 1048576K
}
Event: 1820.017 GC heap before
{Heap before GC invocations=100 (full 0):
 garbage-first heap   total 281600K, used 240880K [0x0000000080000000, 0x0000000100000000)
  region size 1024K, 17 young (17408K), 2 survivors (2048K)
 Metaspace       used 119479K, capacity 122517K, committed 122700K, reserved 1157120K
  class space    used 14549K, capacity 15657K, committed 15692K, reserved 1048576K
}
Event: 1820.022 GC heap after
{Heap after GC invocations=101 (full 0):
 garbage-first heap   total 281600K, used 225981K [0x0000000080000000, 0x0000000100000000)
  region size 1024K, 2 young (2048K), 2 survivors (2048K)
 Metaspace       used 119479K, capacity 122517K, committed 122700K, reserved 1157120K
  class space    used 14549K, capacity 15657K, committed 15692K, reserved 1048576K
}
Event: 1820.291 GC heap before
{Heap before GC invocations=101 (full 0):
 garbage-first heap   total 281600K, used 237245K [0x0000000080000000, 0x0000000100000000)
  region size 1024K, 13 young (13312K), 2 survivors (2048K)
 Metaspace       used 119497K, capacity 122520K, committed 122700K, reserved 1157120K
  class space    used 14550K, capacity 15658K, committed 15692K, reserved 1048576K
}
Event: 1820.349 GC heap after
{Heap after GC invocations=102 (full 0):
 garbage-first heap   total 281600K, used 212597K [0x0000000080000000, 0x0000000100000000)
  region size 1024K, 1 young (1024K), 1 survivors (1024K)
 Metaspace       used 119497K, capacity 122520K, committed 122700K, reserved 1157120K
  class space    used 14550K, capacity 15658K, committed 15692K, reserved 1048576K
}
Event: 1820.548 GC heap before
{Heap before GC invocations=102 (full 0):
 garbage-first heap   total 281600K, used 218741K [0x0000000080000000, 0x0000000100000000)
  region size 1024K, 8 young (8192K), 1 survivors (1024K)
 Metaspace       used 119501K, capacity 122520K, committed 122700K, reserved 1157120K
  class space    used 14550K, capacity 15658K, committed 15692K, reserved 1048576K
}

Deoptimization events (20 events):
Event: 1819.875 Thread 0x00000209368f1800 DEOPT PACKING pc=0x000002091c0be205 sp=0x000000782abfede0
Event: 1819.875 Thread 0x00000209368f1800 DEOPT UNPACKING pc=0x000002091b4872ce sp=0x000000782abfe298 mode 0
Event: 1819.880 Thread 0x00000209368f1800 DEOPT PACKING pc=0x000002091c0be205 sp=0x000000782abfee00
Event: 1819.880 Thread 0x00000209368f1800 DEOPT UNPACKING pc=0x000002091b4872ce sp=0x000000782abfe2b8 mode 0
Event: 1819.896 Thread 0x00000209368f1800 DEOPT PACKING pc=0x000002091c0be205 sp=0x000000782abfee20
Event: 1819.896 Thread 0x00000209368f1800 DEOPT UNPACKING pc=0x000002091b4872ce sp=0x000000782abfe2d8 mode 0
Event: 1820.008 Thread 0x00000209368f1800 Uncommon trap: trap_request=0xffffff4d fr.pc=0x0000020923433414 relative=0x0000000000000334
Event: 1820.008 Thread 0x00000209368f1800 Uncommon trap: reason=unstable_if action=reinterpret pc=0x0000020923433414 method=sun.security.provider.SHA.implDigest([BI)V @ 21 c2
Event: 1820.008 Thread 0x00000209368f1800 DEOPT PACKING pc=0x0000020923433414 sp=0x000000782abfecb0
Event: 1820.008 Thread 0x00000209368f1800 DEOPT UNPACKING pc=0x000002091b4874af sp=0x000000782abfec30 mode 2
Event: 1820.146 Thread 0x0000020934974000 DEOPT PACKING pc=0x000002091df28176 sp=0x000000782a6fd420
Event: 1820.146 Thread 0x0000020934974000 DEOPT UNPACKING pc=0x000002091b4872ce sp=0x000000782a6fc9a0 mode 0
Event: 1820.183 Thread 0x0000020934974000 DEOPT PACKING pc=0x000002091df28176 sp=0x000000782a6fd420
Event: 1820.183 Thread 0x0000020934974000 DEOPT UNPACKING pc=0x000002091b4872ce sp=0x000000782a6fc9a0 mode 0
Event: 1820.221 Thread 0x0000020934974000 DEOPT PACKING pc=0x000002091df28176 sp=0x000000782a6fd710
Event: 1820.221 Thread 0x0000020934974000 DEOPT UNPACKING pc=0x000002091b4872ce sp=0x000000782a6fcc90 mode 0
Event: 1820.365 Thread 0x0000020934974000 DEOPT PACKING pc=0x000002091df28176 sp=0x000000782a6fd3e0
Event: 1820.365 Thread 0x0000020934974000 DEOPT UNPACKING pc=0x000002091b4872ce sp=0x000000782a6fc960 mode 0
Event: 1820.464 Thread 0x0000020934974000 DEOPT PACKING pc=0x000002091df28176 sp=0x000000782a6fd3e0
Event: 1820.464 Thread 0x0000020934974000 DEOPT UNPACKING pc=0x000002091b4872ce sp=0x000000782a6fc960 mode 0

Classes redefined (0 events):
No events

Internal exceptions (20 events):
Event: 1813.747 Thread 0x0000020934973000 Exception <a 'sun/nio/fs/WindowsException'{0x000000008f162638}> (0x000000008f162638) thrown at [./src/hotspot/share/prims/jni.cpp, line 615]
Event: 1813.751 Thread 0x0000020934973000 Exception <a 'sun/nio/fs/WindowsException'{0x000000008f19f890}> (0x000000008f19f890) thrown at [./src/hotspot/share/prims/jni.cpp, line 615]
Event: 1813.752 Thread 0x0000020934973000 Exception <a 'sun/nio/fs/WindowsException'{0x000000008f19fa00}> (0x000000008f19fa00) thrown at [./src/hotspot/share/prims/jni.cpp, line 615]
Event: 1813.757 Thread 0x0000020934973000 Exception <a 'sun/nio/fs/WindowsException'{0x000000008f022a40}> (0x000000008f022a40) thrown at [./src/hotspot/share/prims/jni.cpp, line 615]
Event: 1813.757 Thread 0x0000020934973000 Exception <a 'sun/nio/fs/WindowsException'{0x000000008f022ba8}> (0x000000008f022ba8) thrown at [./src/hotspot/share/prims/jni.cpp, line 615]
Event: 1813.768 Thread 0x0000020934973000 Exception <a 'sun/nio/fs/WindowsException'{0x000000008f08f230}> (0x000000008f08f230) thrown at [./src/hotspot/share/prims/jni.cpp, line 615]
Event: 1813.768 Thread 0x0000020934973000 Exception <a 'sun/nio/fs/WindowsException'{0x000000008f08f3c0}> (0x000000008f08f3c0) thrown at [./src/hotspot/share/prims/jni.cpp, line 615]
Event: 1813.818 Thread 0x0000020934973000 Exception <a 'sun/nio/fs/WindowsException'{0x000000008eee0f28}> (0x000000008eee0f28) thrown at [./src/hotspot/share/prims/jni.cpp, line 615]
Event: 1813.825 Thread 0x0000020934973000 Exception <a 'sun/nio/fs/WindowsException'{0x000000008eee93c0}> (0x000000008eee93c0) thrown at [./src/hotspot/share/prims/jni.cpp, line 615]
Event: 1813.833 Thread 0x0000020934973000 Exception <a 'sun/nio/fs/WindowsException'{0x000000008eefc5d0}> (0x000000008eefc5d0) thrown at [./src/hotspot/share/prims/jni.cpp, line 615]
Event: 1813.833 Thread 0x0000020934973000 Exception <a 'sun/nio/fs/WindowsException'{0x000000008eefc738}> (0x000000008eefc738) thrown at [./src/hotspot/share/prims/jni.cpp, line 615]
Event: 1813.883 Thread 0x0000020934973000 Exception <a 'sun/nio/fs/WindowsException'{0x000000008edb74d8}> (0x000000008edb74d8) thrown at [./src/hotspot/share/prims/jni.cpp, line 615]
Event: 1813.891 Thread 0x0000020934973000 Exception <a 'sun/nio/fs/WindowsException'{0x000000008edc36e0}> (0x000000008edc36e0) thrown at [./src/hotspot/share/prims/jni.cpp, line 615]
Event: 1813.897 Thread 0x0000020934973000 Exception <a 'sun/nio/fs/WindowsException'{0x000000008edcbda0}> (0x000000008edcbda0) thrown at [./src/hotspot/share/prims/jni.cpp, line 615]
Event: 1814.267 Thread 0x0000020936547800 Exception <a 'sun/nio/fs/WindowsException'{0x000000008dbc0740}> (0x000000008dbc0740) thrown at [./src/hotspot/share/prims/jni.cpp, line 615]
Event: 1814.268 Thread 0x0000020936547800 Exception <a 'sun/nio/fs/WindowsException'{0x000000008dbc1bb0}> (0x000000008dbc1bb0) thrown at [./src/hotspot/share/prims/jni.cpp, line 615]
Event: 1814.600 Thread 0x00000209368ee000 Exception <a 'sun/nio/fs/WindowsException'{0x000000008c06c3d8}> (0x000000008c06c3d8) thrown at [./src/hotspot/share/prims/jni.cpp, line 615]
Event: 1814.715 Thread 0x00000209368ee000 Exception <a 'sun/nio/fs/WindowsException'{0x000000008b9c54d0}> (0x000000008b9c54d0) thrown at [./src/hotspot/share/prims/jni.cpp, line 615]
Event: 1815.297 Thread 0x00000209368ee000 Exception <a 'sun/nio/fs/WindowsException'{0x000000008ea6b920}> (0x000000008ea6b920) thrown at [./src/hotspot/share/prims/jni.cpp, line 615]
Event: 1820.025 Thread 0x00000209368f1800 Exception <a 'sun/nio/fs/WindowsException'{0x0000000091286438}> (0x0000000091286438) thrown at [./src/hotspot/share/prims/jni.cpp, line 615]

Events (20 events):
Event: 1820.022 Executing VM operation: G1CollectForAllocation done
Event: 1820.047 Executing VM operation: RevokeBias
Event: 1820.048 Executing VM operation: RevokeBias done
Event: 1820.048 Thread 0x00000209368ed800 Thread exited: 0x00000209368ed800
Event: 1820.048 Executing VM operation: RevokeBias
Event: 1820.049 Executing VM operation: RevokeBias done
Event: 1820.049 Thread 0x00000209368ec800 Thread exited: 0x00000209368ec800
Event: 1820.049 Executing VM operation: RevokeBias
Event: 1820.049 Executing VM operation: RevokeBias done
Event: 1820.049 Thread 0x00000209368f2800 Thread exited: 0x00000209368f2800
Event: 1820.051 Executing VM operation: RevokeBias
Event: 1820.051 Executing VM operation: RevokeBias done
Event: 1820.051 Thread 0x00000209368f1800 Thread exited: 0x00000209368f1800
Event: 1820.131 Executing VM operation: RevokeBias
Event: 1820.132 Executing VM operation: RevokeBias done
Event: 1820.291 Executing VM operation: G1CollectForAllocation
Event: 1820.349 Executing VM operation: G1CollectForAllocation done
Event: 1820.366 Thread 0x00000209368f3000 Thread exited: 0x00000209368f3000
Event: 1820.510 Thread 0x00000209368ef000 Thread added: 0x00000209368ef000
Event: 1820.548 Executing VM operation: G1CollectForAllocation


Dynamic libraries:
0x00007ff7b0b00000 - 0x00007ff7b0b0a000 	E:\Program Files\Android\Android Studio\jre\bin\java.exe
0x00007ffc12000000 - 0x00007ffc121f0000 	C:\Windows\SYSTEM32\ntdll.dll
0x00007ffbfe5c0000 - 0x00007ffbfe5f4000 	C:\Program Files\AVAST Software\Avast\x64\aswhooka.dll
0x00007ffc114f0000 - 0x00007ffc115a2000 	C:\Windows\System32\KERNEL32.DLL
0x00007ffc0f070000 - 0x00007ffc0f315000 	C:\Windows\System32\KERNELBASE.dll
0x00007ffc0ef70000 - 0x00007ffc0f06a000 	C:\Windows\System32\ucrtbase.dll
0x00007ffbc0720000 - 0x00007ffbc0739000 	E:\Program Files\Android\Android Studio\jre\bin\jli.dll
0x00007ffc10210000 - 0x00007ffc103a4000 	C:\Windows\System32\USER32.dll
0x00007ffc0f6a0000 - 0x00007ffc0f6c1000 	C:\Windows\System32\win32u.dll
0x00007ffc11ee0000 - 0x00007ffc11f06000 	C:\Windows\System32\GDI32.dll
0x00007ffc0f320000 - 0x00007ffc0f4b6000 	C:\Windows\System32\gdi32full.dll
0x00007ffc0ff60000 - 0x00007ffc0fffe000 	C:\Windows\System32\msvcp_win.dll
0x00007ffbc0700000 - 0x00007ffbc0717000 	E:\Program Files\Android\Android Studio\jre\bin\VCRUNTIME140.dll
0x00007ffbfdfb0000 - 0x00007ffbfe234000 	C:\Windows\WinSxS\amd64_microsoft.windows.common-controls_6595b64144ccf1df_6.0.18362.1256_none_9e7e379be45e40e2\COMCTL32.dll
0x00007ffc103b0000 - 0x00007ffc1044e000 	C:\Windows\System32\msvcrt.dll
0x00007ffc111b0000 - 0x00007ffc114e6000 	C:\Windows\System32\combase.dll
0x00007ffc104b0000 - 0x00007ffc105d0000 	C:\Windows\System32\RPCRT4.dll
0x00007ffc0f610000 - 0x00007ffc0f691000 	C:\Windows\System32\bcryptPrimitives.dll
0x00007ffc10160000 - 0x00007ffc1018e000 	C:\Windows\System32\IMM32.DLL
0x00007ffbb6bd0000 - 0x00007ffbb6c6d000 	E:\Program Files\Android\Android Studio\jre\bin\msvcp140.dll
0x00007ffbb5160000 - 0x00007ffbb5c1c000 	E:\Program Files\Android\Android Studio\jre\bin\server\jvm.dll
0x00007ffc100b0000 - 0x00007ffc10153000 	C:\Windows\System32\ADVAPI32.dll
0x00007ffc11710000 - 0x00007ffc117a7000 	C:\Windows\System32\sechost.dll
0x00007ffc11c80000 - 0x00007ffc11c88000 	C:\Windows\System32\PSAPI.DLL
0x00007ffbe8e90000 - 0x00007ffbe8e99000 	C:\Windows\SYSTEM32\WSOCK32.dll
0x00007ffc116a0000 - 0x00007ffc1170f000 	C:\Windows\System32\WS2_32.dll
0x00007ffc0ca60000 - 0x00007ffc0ca84000 	C:\Windows\SYSTEM32\WINMM.dll
0x00007ffc05250000 - 0x00007ffc0525a000 	C:\Windows\SYSTEM32\VERSION.dll
0x00007ffc0c5e0000 - 0x00007ffc0c60d000 	C:\Windows\SYSTEM32\WINMMBASE.dll
0x00007ffc0fe90000 - 0x00007ffc0feda000 	C:\Windows\System32\cfgmgr32.dll
0x00007ffc0ef30000 - 0x00007ffc0ef41000 	C:\Windows\System32\kernel.appcore.dll
0x00007ffbd4770000 - 0x00007ffbd4781000 	E:\Program Files\Android\Android Studio\jre\bin\verify.dll
0x00007ffc0d740000 - 0x00007ffc0d934000 	C:\Windows\SYSTEM32\DBGHELP.DLL
0x00007ffbfb660000 - 0x00007ffbfb68a000 	C:\Windows\SYSTEM32\dbgcore.DLL
0x00007ffbd0c90000 - 0x00007ffbd0cb9000 	E:\Program Files\Android\Android Studio\jre\bin\java.dll
0x00007ffbef9f0000 - 0x00007ffbef9fb000 	E:\Program Files\Android\Android Studio\jre\bin\jimage.dll
0x00007ffbd3da0000 - 0x00007ffbd3db8000 	E:\Program Files\Android\Android Studio\jre\bin\zip.dll
0x00007ffc10ab0000 - 0x00007ffc11197000 	C:\Windows\System32\SHELL32.dll
0x00007ffc11f10000 - 0x00007ffc11fb9000 	C:\Windows\System32\shcore.dll
0x00007ffc0f6d0000 - 0x00007ffc0fe51000 	C:\Windows\System32\windows.storage.dll
0x00007ffc0ef00000 - 0x00007ffc0ef23000 	C:\Windows\System32\profapi.dll
0x00007ffc0eeb0000 - 0x00007ffc0eefa000 	C:\Windows\System32\powrprof.dll
0x00007ffc0eea0000 - 0x00007ffc0eeb0000 	C:\Windows\System32\UMPDC.dll
0x00007ffc10450000 - 0x00007ffc104a2000 	C:\Windows\System32\shlwapi.dll
0x00007ffc0fee0000 - 0x00007ffc0fef7000 	C:\Windows\System32\cryptsp.dll
0x00007ffbd0c70000 - 0x00007ffbd0c8a000 	E:\Program Files\Android\Android Studio\jre\bin\net.dll
0x00007ffbff700000 - 0x00007ffbff7f0000 	C:\Windows\SYSTEM32\WINHTTP.dll
0x00007ffc0e6f0000 - 0x00007ffc0e757000 	C:\Windows\system32\mswsock.dll
0x00007ffbd0870000 - 0x00007ffbd0884000 	E:\Program Files\Android\Android Studio\jre\bin\nio.dll
0x00007ffbd4380000 - 0x00007ffbd43a7000 	C:\Users\hp\.gradle\native\fdc75f09e3144964f2cf3f50f0aa648679c211496f362492102eb8c894070792\windows-amd64\native-platform.dll
0x00007ffbb7e60000 - 0x00007ffbb7ff6000 	C:\Users\hp\.gradle\native\12488b8bf47d2d4c9fbf2f6322a914ad602e24e48041cd04a747c6da556b65c4\windows-amd64\native-platform-file-events.dll
0x00007ffbeea10000 - 0x00007ffbeea1a000 	E:\Program Files\Android\Android Studio\jre\bin\management.dll
0x00007ffbee860000 - 0x00007ffbee86c000 	E:\Program Files\Android\Android Studio\jre\bin\management_ext.dll
0x00007ffc0e200000 - 0x00007ffc0e233000 	C:\Windows\system32\rsaenh.dll
0x00007ffc0fe60000 - 0x00007ffc0fe86000 	C:\Windows\System32\bcrypt.dll
0x00007ffc0edc0000 - 0x00007ffc0ede5000 	C:\Windows\SYSTEM32\USERENV.dll
0x00007ffc0e8c0000 - 0x00007ffc0e8cc000 	C:\Windows\SYSTEM32\CRYPTBASE.dll
0x00007ffc0e3a0000 - 0x00007ffc0e3da000 	C:\Windows\SYSTEM32\IPHLPAPI.DLL
0x00007ffc11c70000 - 0x00007ffc11c78000 	C:\Windows\System32\NSI.dll
0x00007ffc001d0000 - 0x00007ffc001e6000 	C:\Windows\SYSTEM32\dhcpcsvc6.DLL
0x00007ffc002c0000 - 0x00007ffc002dc000 	C:\Windows\SYSTEM32\dhcpcsvc.DLL
0x00007ffc0e440000 - 0x00007ffc0e50b000 	C:\Windows\SYSTEM32\DNSAPI.dll
0x00007ffc00620000 - 0x00007ffc0062b000 	C:\Windows\SYSTEM32\WINNSI.DLL
0x00007ffbff260000 - 0x00007ffbff287000 	E:\Program Files\Android\Android Studio\jre\bin\sunec.dll

dbghelp: loaded successfully - version: 4.0.5 - missing functions: none
symbol engine: initialized successfully - sym options: 0x614 - pdb path: .;E:\Program Files\Android\Android Studio\jre\bin;C:\Windows\SYSTEM32;C:\Program Files\AVAST Software\Avast\x64;C:\Windows\WinSxS\amd64_microsoft.windows.common-controls_6595b64144ccf1df_6.0.18362.1256_none_9e7e379be45e40e2;E:\Program Files\Android\Android Studio\jre\bin\server;C:\Users\hp\.gradle\native\fdc75f09e3144964f2cf3f50f0aa648679c211496f362492102eb8c894070792\windows-amd64;C:\Users\hp\.gradle\native\12488b8bf47d2d4c9fbf2f6322a914ad602e24e48041cd04a747c6da556b65c4\windows-amd64

VM Arguments:
jvm_args: --add-opens=java.base/java.util=ALL-UNNAMED --add-opens=java.base/java.lang=ALL-UNNAMED --add-opens=java.base/java.lang.invoke=ALL-UNNAMED --add-opens=java.prefs/java.util.prefs=ALL-UNNAMED -Xmx2048m -Dfile.encoding=UTF-8 -Duser.country=US -Duser.language=en -Duser.variant 
java_command: org.gradle.launcher.daemon.bootstrap.GradleDaemon 6.7.1
java_class_path (initial): C:\Users\hp\.gradle\wrapper\dists\gradle-6.7.1-bin\bwlcbys1h7rz3272sye1xwiv6\gradle-6.7.1\lib\gradle-launcher-6.7.1.jar
Launcher Type: SUN_STANDARD

[Global flags]
     intx CICompilerCount                          = 3                                         {product} {ergonomic}
     uint ConcGCThreads                            = 1                                         {product} {ergonomic}
     uint G1ConcRefinementThreads                  = 4                                         {product} {ergonomic}
   size_t G1HeapRegionSize                         = 1048576                                   {product} {ergonomic}
    uintx GCDrainStackTargetSize                   = 64                                        {product} {ergonomic}
   size_t InitialHeapSize                          = 134217728                                 {product} {ergonomic}
   size_t MarkStackSize                            = 4194304                                   {product} {ergonomic}
   size_t MaxHeapSize                              = 2147483648                                {product} {command line}
   size_t MaxNewSize                               = 1287651328                                {product} {ergonomic}
   size_t MinHeapDeltaBytes                        = 1048576                                   {product} {ergonomic}
    uintx NonNMethodCodeHeapSize                   = 5830732                                {pd product} {ergonomic}
    uintx NonProfiledCodeHeapSize                  = 122913754                              {pd product} {ergonomic}
    uintx ProfiledCodeHeapSize                     = 122913754                              {pd product} {ergonomic}
    uintx ReservedCodeCacheSize                    = 251658240                              {pd product} {ergonomic}
     bool SegmentedCodeCache                       = true                                      {product} {ergonomic}
     bool UseCompressedClassPointers               = true                                 {lp64_product} {ergonomic}
     bool UseCompressedOops                        = true                                 {lp64_product} {ergonomic}
     bool UseG1GC                                  = true                                      {product} {ergonomic}
     bool UseLargePagesIndividualAllocation        = false                                  {pd product} {ergonomic}

Logging:
Log output configuration:
 #0: stdout all=warning uptime,level,tags
 #1: stderr all=off uptime,level,tags

Environment Variables:
JAVA_HOME=C:\Program Files\Java\jdk-17.0.1
PATH=C:\ffmpeg\bin;C:\Program Files\Common Files\Oracle\Java\javapath;C:\Python310\Scripts\;C:\Python310\;C:\ProgramData\Oracle\Java\javapath;C:\Windows\system32;C:\Windows;C:\Windows\System32\Wbem;C:\Windows\System32\WindowsPowerShell\v1.0\;C:\Windows\System32\OpenSSH\;C:\Program Files\Java\jdk-17\bin;C:\Program Files\Microsoft SQL Server\Client SDK\ODBC\110\Tools\Binn\;C:\Program Files\Microsoft SQL Server\Client SDK\ODBC\170\Tools\Binn\;C:\ProgramData\chocolatey\bin;C:\Program Files\Java\jdk-17.0.1\bin;C:\Program Files\Azure Data Studio\bin;C:\Program Files\dotnet\;C:\Program Files\Git\cmd;C:\Program Files\nodejs\;C:\Users\hp\AppData\Local\Microsoft\WindowsApps;D:\Microsoft VS Code\bin;C:\Users\hp\AppData\Local\Android\Sdk\platform-tools;C:\Users\hp\AppData\Local\Microsoft\WindowsApps;D:\Microsoft VS Code\bin;C:\Program Files\Azure Data Studio\bin;C:\Users\hp\AppData\Local\Android\Sdk\platform-tools;;C:\Users\hp\AppData\Local\Programs\Microsoft VS Code\bin;C:\Users\hp\.dotnet\tools;C:\Users\hp\AppData\Roaming\npm
USERNAME=hp
OS=Windows_NT
PROCESSOR_IDENTIFIER=Intel64 Family 6 Model 142 Stepping 9, GenuineIntel



---------------  S Y S T E M  ---------------

OS: Windows 10 , 64 bit Build 18362 (10.0.18362.1110)
OS uptime: 0 days 0:47 hours

CPU:total 4 (initial active 4) (2 cores per cpu, 2 threads per core) family 6 model 142 stepping 9, cmov, cx8, fxsr, mmx, sse, sse2, sse3, ssse3, sse4.1, sse4.2, popcnt, avx, avx2, aes, clmul, erms, 3dnowpref, lzcnt, ht, tsc, tscinvbit, bmi1, bmi2, adx, fma

Memory: 4k page, system-wide physical 8078M (488M free)
TotalPageFile size 8078M (AvailPageFile size 106M)
current process WorkingSet (physical memory assigned to process): 554M, peak: 618M
current process commit charge ("private bytes"): 659M, peak: 822M

vm_info: OpenJDK 64-Bit Server VM (11.0.8+10-b944.6842174) for windows-amd64 JRE (11.0.8+10-b944.6842174), built on Sep 19 2020 01:11:42 by "builder" with MS VC++ 14.0 (VS2015)

END.
